{"/home/travis/build/npmtest/node-npmtest-osmosis/test.js":{"path":"/home/travis/build/npmtest/node-npmtest-osmosis/test.js","s":{"1":2,"2":2,"3":2,"4":2,"5":2,"6":2,"7":2,"8":1,"9":2,"10":2,"11":1,"12":1,"13":1,"14":1,"15":2,"16":2,"17":2,"18":2,"19":1,"20":1,"21":2,"22":2,"23":2,"24":1,"25":1,"26":1,"27":1,"28":1,"29":1,"30":1,"31":1,"32":1,"33":1,"34":1,"35":1,"36":1,"37":1,"38":1,"39":2,"40":2,"41":1,"42":2,"43":2,"44":1,"45":2,"46":2,"47":1,"48":2,"49":2,"50":1,"51":1,"52":1,"53":1,"54":1},"b":{"1":[2,1,1,1],"2":[1,1,1,1],"3":[1,1],"4":[1,1],"5":[1,1],"6":[1,1],"7":[1,1],"8":[1,1],"9":[1,1],"10":[1,1,1],"11":[1,1],"12":[1,1],"13":[1,1],"14":[1,1],"15":[1,1],"16":[1,1],"17":[1,1]},"f":{"1":2,"2":2,"3":2,"4":2,"5":2,"6":1,"7":1,"8":1,"9":2,"10":2,"11":2,"12":2,"13":1},"fnMap":{"1":{"name":"(anonymous_1)","line":12,"loc":{"start":{"line":12,"column":1},"end":{"line":12,"column":13}}},"2":{"name":"(anonymous_2)","line":19,"loc":{"start":{"line":19,"column":5},"end":{"line":19,"column":17}}},"3":{"name":"(anonymous_3)","line":23,"loc":{"start":{"line":23,"column":24},"end":{"line":23,"column":36}}},"4":{"name":"(anonymous_4)","line":61,"loc":{"start":{"line":61,"column":5},"end":{"line":61,"column":17}}},"5":{"name":"(anonymous_5)","line":82,"loc":{"start":{"line":82,"column":5},"end":{"line":82,"column":17}}},"6":{"name":"(anonymous_6)","line":91,"loc":{"start":{"line":91,"column":77},"end":{"line":94,"column":10}}},"7":{"name":"(anonymous_7)","line":112,"loc":{"start":{"line":112,"column":83},"end":{"line":115,"column":10}},"skip":true},"8":{"name":"(anonymous_8)","line":123,"loc":{"start":{"line":123,"column":77},"end":{"line":126,"column":10}},"skip":true},"9":{"name":"(anonymous_9)","line":139,"loc":{"start":{"line":139,"column":12},"end":{"line":139,"column":40}},"skip":true},"10":{"name":"(anonymous_10)","line":147,"loc":{"start":{"line":147,"column":77},"end":{"line":150,"column":10}},"skip":true},"11":{"name":"(anonymous_11)","line":158,"loc":{"start":{"line":158,"column":83},"end":{"line":161,"column":10}},"skip":true},"12":{"name":"(anonymous_12)","line":169,"loc":{"start":{"line":169,"column":79},"end":{"line":172,"column":10}},"skip":true},"13":{"name":"(anonymous_13)","line":180,"loc":{"start":{"line":180,"column":75},"end":{"line":183,"column":10}},"skip":true}},"statementMap":{"1":{"start":{"line":12,"column":0},"end":{"line":195,"column":5}},"2":{"start":{"line":14,"column":4},"end":{"line":14,"column":14}},"3":{"start":{"line":19,"column":4},"end":{"line":56,"column":9}},"4":{"start":{"line":21,"column":8},"end":{"line":21,"column":19}},"5":{"start":{"line":23,"column":8},"end":{"line":35,"column":13}},"6":{"start":{"line":24,"column":12},"end":{"line":34,"column":13}},"7":{"start":{"line":25,"column":16},"end":{"line":28,"column":30}},"8":{"start":{"line":30,"column":16},"end":{"line":33,"column":27}},"9":{"start":{"line":37,"column":8},"end":{"line":39,"column":21}},"10":{"start":{"line":40,"column":8},"end":{"line":53,"column":9}},"11":{"start":{"line":43,"column":12},"end":{"line":46,"column":14}},"12":{"start":{"line":47,"column":12},"end":{"line":47,"column":18}},"13":{"start":{"line":50,"column":12},"end":{"line":51,"column":33}},"14":{"start":{"line":52,"column":12},"end":{"line":52,"column":18}},"15":{"start":{"line":55,"column":8},"end":{"line":55,"column":35}},"16":{"start":{"line":61,"column":4},"end":{"line":63,"column":9}},"17":{"start":{"line":62,"column":8},"end":{"line":62,"column":15}},"18":{"start":{"line":64,"column":4},"end":{"line":77,"column":5}},"19":{"start":{"line":70,"column":8},"end":{"line":70,"column":14}},"20":{"start":{"line":76,"column":8},"end":{"line":76,"column":14}},"21":{"start":{"line":82,"column":4},"end":{"line":84,"column":9}},"22":{"start":{"line":83,"column":8},"end":{"line":83,"column":15}},"23":{"start":{"line":85,"column":4},"end":{"line":194,"column":5}},"24":{"start":{"line":91,"column":8},"end":{"line":99,"column":10}},"25":{"start":{"line":98,"column":12},"end":{"line":98,"column":35}},"26":{"start":{"line":102,"column":8},"end":{"line":104,"column":63}},"27":{"start":{"line":105,"column":8},"end":{"line":105,"column":14}},"28":{"start":{"line":112,"column":8},"end":{"line":121,"column":10},"skip":true},"29":{"start":{"line":119,"column":12},"end":{"line":119,"column":55},"skip":true},"30":{"start":{"line":120,"column":12},"end":{"line":120,"column":48},"skip":true},"31":{"start":{"line":123,"column":8},"end":{"line":136,"column":10},"skip":true},"32":{"start":{"line":130,"column":12},"end":{"line":130,"column":76},"skip":true},"33":{"start":{"line":131,"column":12},"end":{"line":131,"column":73},"skip":true},"34":{"start":{"line":132,"column":12},"end":{"line":132,"column":74},"skip":true},"35":{"start":{"line":133,"column":12},"end":{"line":133,"column":79},"skip":true},"36":{"start":{"line":134,"column":12},"end":{"line":134,"column":25},"skip":true},"37":{"start":{"line":135,"column":12},"end":{"line":135,"column":45},"skip":true},"38":{"start":{"line":138,"column":8},"end":{"line":145,"column":14},"skip":true},"39":{"start":{"line":143,"column":16},"end":{"line":143,"column":29},"skip":true},"40":{"start":{"line":144,"column":16},"end":{"line":144,"column":55},"skip":true},"41":{"start":{"line":147,"column":8},"end":{"line":156,"column":10},"skip":true},"42":{"start":{"line":154,"column":12},"end":{"line":154,"column":25},"skip":true},"43":{"start":{"line":155,"column":12},"end":{"line":155,"column":45},"skip":true},"44":{"start":{"line":158,"column":8},"end":{"line":167,"column":10},"skip":true},"45":{"start":{"line":165,"column":12},"end":{"line":165,"column":25},"skip":true},"46":{"start":{"line":166,"column":12},"end":{"line":166,"column":48},"skip":true},"47":{"start":{"line":169,"column":8},"end":{"line":178,"column":10},"skip":true},"48":{"start":{"line":176,"column":12},"end":{"line":176,"column":25},"skip":true},"49":{"start":{"line":177,"column":12},"end":{"line":177,"column":46},"skip":true},"50":{"start":{"line":180,"column":8},"end":{"line":189,"column":10},"skip":true},"51":{"start":{"line":187,"column":12},"end":{"line":187,"column":94},"skip":true},"52":{"start":{"line":188,"column":12},"end":{"line":188,"column":48},"skip":true},"53":{"start":{"line":192,"column":8},"end":{"line":192,"column":35},"skip":true},"54":{"start":{"line":193,"column":8},"end":{"line":193,"column":14},"skip":true}},"branchMap":{"1":{"line":25,"type":"binary-expr","locations":[{"start":{"line":25,"column":23},"end":{"line":25,"column":62}},{"start":{"line":26,"column":20},"end":{"line":26,"column":70}},{"start":{"line":27,"column":20},"end":{"line":27,"column":71}},{"start":{"line":28,"column":20},"end":{"line":28,"column":29}}]},"2":{"line":30,"type":"binary-expr","locations":[{"start":{"line":30,"column":23},"end":{"line":30,"column":37}},{"start":{"line":31,"column":20},"end":{"line":31,"column":61}},{"start":{"line":32,"column":20},"end":{"line":32,"column":70}},{"start":{"line":33,"column":20},"end":{"line":33,"column":26}}]},"3":{"line":37,"type":"cond-expr","locations":[{"start":{"line":38,"column":14},"end":{"line":38,"column":20}},{"start":{"line":39,"column":14},"end":{"line":39,"column":20}}]},"4":{"line":40,"type":"switch","locations":[{"start":{"line":42,"column":8},"end":{"line":47,"column":18}},{"start":{"line":49,"column":8},"end":{"line":52,"column":18}}]},"5":{"line":44,"type":"binary-expr","locations":[{"start":{"line":44,"column":16},"end":{"line":44,"column":44}},{"start":{"line":44,"column":48},"end":{"line":44,"column":66}}]},"6":{"line":50,"type":"binary-expr","locations":[{"start":{"line":50,"column":21},"end":{"line":50,"column":49}},{"start":{"line":50,"column":53},"end":{"line":50,"column":72}}]},"7":{"line":64,"type":"switch","locations":[{"start":{"line":69,"column":4},"end":{"line":70,"column":14}},{"start":{"line":75,"column":4},"end":{"line":76,"column":14}}]},"8":{"line":85,"type":"switch","locations":[{"start":{"line":90,"column":4},"end":{"line":105,"column":14}},{"start":{"line":111,"column":4},"end":{"line":193,"column":14},"skip":true}]},"9":{"line":91,"type":"binary-expr","locations":[{"start":{"line":91,"column":42},"end":{"line":91,"column":73}},{"start":{"line":91,"column":77},"end":{"line":99,"column":9}}]},"10":{"line":102,"type":"binary-expr","locations":[{"start":{"line":102,"column":18},"end":{"line":102,"column":32}},{"start":{"line":103,"column":12},"end":{"line":103,"column":53}},{"start":{"line":104,"column":12},"end":{"line":104,"column":61}}]},"11":{"line":112,"type":"binary-expr","locations":[{"start":{"line":112,"column":45},"end":{"line":112,"column":79},"skip":true},{"start":{"line":112,"column":83},"end":{"line":121,"column":9},"skip":true}]},"12":{"line":123,"type":"binary-expr","locations":[{"start":{"line":123,"column":42},"end":{"line":123,"column":73},"skip":true},{"start":{"line":123,"column":77},"end":{"line":136,"column":9},"skip":true}]},"13":{"line":138,"type":"binary-expr","locations":[{"start":{"line":138,"column":48},"end":{"line":138,"column":85},"skip":true},{"start":{"line":139,"column":12},"end":{"line":145,"column":13},"skip":true}]},"14":{"line":147,"type":"binary-expr","locations":[{"start":{"line":147,"column":42},"end":{"line":147,"column":73},"skip":true},{"start":{"line":147,"column":77},"end":{"line":156,"column":9},"skip":true}]},"15":{"line":158,"type":"binary-expr","locations":[{"start":{"line":158,"column":45},"end":{"line":158,"column":79},"skip":true},{"start":{"line":158,"column":83},"end":{"line":167,"column":9},"skip":true}]},"16":{"line":169,"type":"binary-expr","locations":[{"start":{"line":169,"column":43},"end":{"line":169,"column":75},"skip":true},{"start":{"line":169,"column":79},"end":{"line":178,"column":9},"skip":true}]},"17":{"line":180,"type":"binary-expr","locations":[{"start":{"line":180,"column":41},"end":{"line":180,"column":71},"skip":true},{"start":{"line":180,"column":75},"end":{"line":189,"column":9},"skip":true}]}},"code":["/* istanbul instrument in package npmtest_osmosis */","/*jslint","    bitwise: true,","    browser: true,","    maxerr: 8,","    maxlen: 96,","    node: true,","    nomen: true,","    regexp: true,","    stupid: true","*/","(function () {","    'use strict';","    var local;","","","","    // run shared js-env code - init-before","    (function () {","        // init local","        local = {};","        // init modeJs","        local.modeJs = (function () {","            try {","                return typeof navigator.userAgent === 'string' &&","                    typeof document.querySelector('body') === 'object' &&","                    typeof XMLHttpRequest.prototype.open === 'function' &&","                    'browser';","            } catch (errorCaughtBrowser) {","                return module.exports &&","                    typeof process.versions.node === 'string' &&","                    typeof require('http').createServer === 'function' &&","                    'node';","            }","        }());","        // init global","        local.global = local.modeJs === 'browser'","            ? window","            : global;","        switch (local.modeJs) {","        // re-init local from window.local","        case 'browser':","            local = local.global.utility2.objectSetDefault(","                local.global.utility2_rollup || local.global.local,","                local.global.utility2","            );","            break;","        // re-init local from example.js","        case 'node':","            local = (local.global.utility2_rollup || require('utility2'))","                .requireReadme();","            break;","        }","        // export local","        local.global.local = local;","    }());","","","","    // run shared js-env code - function","    (function () {","        return;","    }());","    switch (local.modeJs) {","","","","    // run browser js-env code - function","    case 'browser':","        break;","","","","    // run node js-env code - function","    case 'node':","        break;","    }","","","","    // run shared js-env code - init-after","    (function () {","        return;","    }());","    switch (local.modeJs) {","","","","    // run browser js-env code - init-after","    case 'browser':","        local.testCase_browser_nullCase = local.testCase_browser_nullCase || function (","            options,","            onError","        ) {","        /*","         * this function will test browsers's null-case handling-behavior-behavior","         */","            onError(null, options);","        };","","        // run tests","        local.nop(local.modeTest &&","            document.querySelector('#testRunButton1') &&","            document.querySelector('#testRunButton1').click());","        break;","","","","    // run node js-env code - init-after","    /* istanbul ignore next */","    case 'node':","        local.testCase_buildApidoc_default = local.testCase_buildApidoc_default || function (","            options,","            onError","        ) {","        /*","         * this function will test buildApidoc's default handling-behavior-behavior","         */","            options = { modulePathList: module.paths };","            local.buildApidoc(options, onError);","        };","","        local.testCase_buildApp_default = local.testCase_buildApp_default || function (","            options,","            onError","        ) {","        /*","         * this function will test buildApp's default handling-behavior-behavior","         */","            local.testCase_buildReadme_default(options, local.onErrorThrow);","            local.testCase_buildLib_default(options, local.onErrorThrow);","            local.testCase_buildTest_default(options, local.onErrorThrow);","            local.testCase_buildCustomOrg_default(options, local.onErrorThrow);","            options = [];","            local.buildApp(options, onError);","        };","","        local.testCase_buildCustomOrg_default = local.testCase_buildCustomOrg_default ||","            function (options, onError) {","            /*","             * this function will test buildCustomOrg's default handling-behavior","             */","                options = {};","                local.buildCustomOrg(options, onError);","            };","","        local.testCase_buildLib_default = local.testCase_buildLib_default || function (","            options,","            onError","        ) {","        /*","         * this function will test buildLib's default handling-behavior","         */","            options = {};","            local.buildLib(options, onError);","        };","","        local.testCase_buildReadme_default = local.testCase_buildReadme_default || function (","            options,","            onError","        ) {","        /*","         * this function will test buildReadme's default handling-behavior-behavior","         */","            options = {};","            local.buildReadme(options, onError);","        };","","        local.testCase_buildTest_default = local.testCase_buildTest_default || function (","            options,","            onError","        ) {","        /*","         * this function will test buildTest's default handling-behavior","         */","            options = {};","            local.buildTest(options, onError);","        };","","        local.testCase_webpage_default = local.testCase_webpage_default || function (","            options,","            onError","        ) {","        /*","         * this function will test webpage's default handling-behavior","         */","            options = { modeCoverageMerge: true, url: local.serverLocalHost + '?modeTest=1' };","            local.browserTest(options, onError);","        };","","        // run test-server","        local.testRunServer(local);","        break;","    }","}());",""],"l":{"12":2,"14":2,"19":2,"21":2,"23":2,"24":2,"25":2,"30":1,"37":2,"40":2,"43":1,"47":1,"50":1,"52":1,"55":2,"61":2,"62":2,"64":2,"70":1,"76":1,"82":2,"83":2,"85":2,"91":1,"98":1,"102":1,"105":1,"112":1,"119":1,"120":1,"123":1,"130":1,"131":1,"132":1,"133":1,"134":1,"135":1,"138":1,"143":2,"144":2,"147":1,"154":2,"155":2,"158":1,"165":2,"166":2,"169":1,"176":2,"177":2,"180":1,"187":1,"188":1,"192":1,"193":1}},"/home/travis/build/npmtest/node-npmtest-osmosis/lib.npmtest_osmosis.js":{"path":"/home/travis/build/npmtest/node-npmtest-osmosis/lib.npmtest_osmosis.js","s":{"1":2,"2":2,"3":2,"4":2,"5":2,"6":2,"7":2,"8":1,"9":2,"10":2,"11":2,"12":2,"13":1,"14":1,"15":1,"16":1},"b":{"1":[2,1,1,1],"2":[1,1,1,1],"3":[1,1],"4":[2,2],"5":[1,1]},"f":{"1":2,"2":2,"3":2},"fnMap":{"1":{"name":"(anonymous_1)","line":12,"loc":{"start":{"line":12,"column":1},"end":{"line":12,"column":13}}},"2":{"name":"(anonymous_2)","line":19,"loc":{"start":{"line":19,"column":5},"end":{"line":19,"column":17}}},"3":{"name":"(anonymous_3)","line":23,"loc":{"start":{"line":23,"column":24},"end":{"line":23,"column":36}}}},"statementMap":{"1":{"start":{"line":12,"column":0},"end":{"line":53,"column":5}},"2":{"start":{"line":14,"column":4},"end":{"line":14,"column":14}},"3":{"start":{"line":19,"column":4},"end":{"line":52,"column":9}},"4":{"start":{"line":21,"column":8},"end":{"line":21,"column":19}},"5":{"start":{"line":23,"column":8},"end":{"line":35,"column":13}},"6":{"start":{"line":24,"column":12},"end":{"line":34,"column":13}},"7":{"start":{"line":25,"column":16},"end":{"line":28,"column":30}},"8":{"start":{"line":30,"column":16},"end":{"line":33,"column":27}},"9":{"start":{"line":37,"column":8},"end":{"line":39,"column":21}},"10":{"start":{"line":41,"column":8},"end":{"line":41,"column":54}},"11":{"start":{"line":43,"column":8},"end":{"line":43,"column":52}},"12":{"start":{"line":45,"column":8},"end":{"line":51,"column":9}},"13":{"start":{"line":46,"column":12},"end":{"line":46,"column":58}},"14":{"start":{"line":48,"column":12},"end":{"line":48,"column":35}},"15":{"start":{"line":49,"column":12},"end":{"line":49,"column":49}},"16":{"start":{"line":50,"column":12},"end":{"line":50,"column":43}}},"branchMap":{"1":{"line":25,"type":"binary-expr","locations":[{"start":{"line":25,"column":23},"end":{"line":25,"column":62}},{"start":{"line":26,"column":20},"end":{"line":26,"column":70}},{"start":{"line":27,"column":20},"end":{"line":27,"column":71}},{"start":{"line":28,"column":20},"end":{"line":28,"column":29}}]},"2":{"line":30,"type":"binary-expr","locations":[{"start":{"line":30,"column":23},"end":{"line":30,"column":37}},{"start":{"line":31,"column":20},"end":{"line":31,"column":61}},{"start":{"line":32,"column":20},"end":{"line":32,"column":70}},{"start":{"line":33,"column":20},"end":{"line":33,"column":26}}]},"3":{"line":37,"type":"cond-expr","locations":[{"start":{"line":38,"column":14},"end":{"line":38,"column":20}},{"start":{"line":39,"column":14},"end":{"line":39,"column":20}}]},"4":{"line":41,"type":"binary-expr","locations":[{"start":{"line":41,"column":16},"end":{"line":41,"column":44}},{"start":{"line":41,"column":48},"end":{"line":41,"column":53}}]},"5":{"line":45,"type":"if","locations":[{"start":{"line":45,"column":8},"end":{"line":45,"column":8}},{"start":{"line":45,"column":8},"end":{"line":45,"column":8}}]}},"code":["/* istanbul instrument in package npmtest_osmosis */","/*jslint","    bitwise: true,","    browser: true,","    maxerr: 8,","    maxlen: 96,","    node: true,","    nomen: true,","    regexp: true,","    stupid: true","*/","(function () {","    'use strict';","    var local;","","","","    // run shared js-env code - init-before","    (function () {","        // init local","        local = {};","        // init modeJs","        local.modeJs = (function () {","            try {","                return typeof navigator.userAgent === 'string' &&","                    typeof document.querySelector('body') === 'object' &&","                    typeof XMLHttpRequest.prototype.open === 'function' &&","                    'browser';","            } catch (errorCaughtBrowser) {","                return module.exports &&","                    typeof process.versions.node === 'string' &&","                    typeof require('http').createServer === 'function' &&","                    'node';","            }","        }());","        // init global","        local.global = local.modeJs === 'browser'","            ? window","            : global;","        // init utility2_rollup","        local = local.global.utility2_rollup || local;","        // init lib","        local.local = local.npmtest_osmosis = local;","        // init exports","        if (local.modeJs === 'browser') {","            local.global.utility2_npmtest_osmosis = local;","        } else {","            module.exports = local;","            module.exports.__dirname = __dirname;","            module.exports.module = module;","        }","    }());","}());",""],"l":{"12":2,"14":2,"19":2,"21":2,"23":2,"24":2,"25":2,"30":1,"37":2,"41":2,"43":2,"45":2,"46":1,"48":1,"49":1,"50":1}},"/home/travis/build/npmtest/node-npmtest-osmosis/example.js":{"path":"/home/travis/build/npmtest/node-npmtest-osmosis/example.js","s":{"1":2,"2":2,"3":2,"4":2,"5":2,"6":2,"7":2,"8":1,"9":2,"10":2,"11":2,"12":2,"13":1,"14":2,"15":2,"16":2,"17":2,"18":2,"19":0,"20":2,"21":1,"22":1,"23":1,"24":1,"25":1,"26":0,"27":0,"28":1,"29":1,"30":2,"31":0,"32":0,"33":0,"34":1,"35":2,"36":2,"37":3,"38":3,"39":3,"40":3,"41":0,"42":3,"43":3,"44":3,"45":1,"46":3,"47":1,"48":1,"49":1,"50":1,"51":1,"52":1,"53":1,"54":1,"55":1,"56":1,"57":0,"58":1,"59":6,"60":6,"61":1,"62":2,"63":0,"64":2,"65":1,"66":1,"67":0,"68":0,"69":0,"70":0,"71":0,"72":0,"73":0,"74":0,"75":0,"76":0,"77":0,"78":0,"79":0,"80":0,"81":0,"82":0,"83":0},"b":{"1":[2,1,1,1],"2":[1,1,1,1],"3":[1,1],"4":[2,2],"5":[1,1],"6":[1,1],"7":[2,0],"8":[2,1,1,1,1,1],"9":[0,2,0],"10":[1,1],"11":[2,1,1],"12":[1,0],"13":[0,2],"14":[2,0,0,0,0,0,0],"15":[0,3],"16":[3,0],"17":[1,1],"18":[0,1],"19":[1,2,0,2],"20":[1,0],"21":[1,1],"22":[0,0],"23":[0,0],"24":[0,0],"25":[0,0],"26":[0,0],"27":[0,0],"28":[0,0]},"f":{"1":2,"2":2,"3":2,"4":2,"5":2,"6":2,"7":3,"8":3,"9":3,"10":1,"11":6,"12":0},"fnMap":{"1":{"name":"(anonymous_1)","line":26,"loc":{"start":{"line":26,"column":1},"end":{"line":26,"column":13}}},"2":{"name":"(anonymous_2)","line":33,"loc":{"start":{"line":33,"column":5},"end":{"line":33,"column":17}}},"3":{"name":"(anonymous_3)","line":37,"loc":{"start":{"line":37,"column":24},"end":{"line":37,"column":36}}},"4":{"name":"(anonymous_4)","line":69,"loc":{"start":{"line":69,"column":31},"end":{"line":69,"column":48}},"skip":true},"5":{"name":"(anonymous_5)","line":78,"loc":{"start":{"line":78,"column":26},"end":{"line":78,"column":45}},"skip":true},"6":{"name":"(anonymous_6)","line":123,"loc":{"start":{"line":123,"column":33},"end":{"line":123,"column":48}},"skip":true},"7":{"name":"(anonymous_7)","line":125,"loc":{"start":{"line":125,"column":27},"end":{"line":125,"column":39}},"skip":true},"8":{"name":"(anonymous_8)","line":133,"loc":{"start":{"line":133,"column":59},"end":{"line":133,"column":74}},"skip":true},"9":{"name":"(anonymous_9)","line":143,"loc":{"start":{"line":143,"column":45},"end":{"line":143,"column":62}},"skip":true},"10":{"name":"(anonymous_10)","line":144,"loc":{"start":{"line":144,"column":73},"end":{"line":144,"column":92}},"skip":true},"11":{"name":"(anonymous_11)","line":272,"loc":{"start":{"line":272,"column":51},"end":{"line":272,"column":77}},"skip":true},"12":{"name":"(anonymous_12)","line":315,"loc":{"start":{"line":315,"column":32},"end":{"line":315,"column":61}},"skip":true}},"statementMap":{"1":{"start":{"line":26,"column":0},"end":{"line":326,"column":5}},"2":{"start":{"line":28,"column":4},"end":{"line":28,"column":14}},"3":{"start":{"line":33,"column":4},"end":{"line":60,"column":9}},"4":{"start":{"line":35,"column":8},"end":{"line":35,"column":19}},"5":{"start":{"line":37,"column":8},"end":{"line":49,"column":13}},"6":{"start":{"line":38,"column":12},"end":{"line":48,"column":13}},"7":{"start":{"line":39,"column":16},"end":{"line":42,"column":30}},"8":{"start":{"line":44,"column":16},"end":{"line":47,"column":27}},"9":{"start":{"line":51,"column":8},"end":{"line":53,"column":21}},"10":{"start":{"line":55,"column":8},"end":{"line":57,"column":45}},"11":{"start":{"line":59,"column":8},"end":{"line":59,"column":35}},"12":{"start":{"line":61,"column":4},"end":{"line":325,"column":5}},"13":{"start":{"line":69,"column":8},"end":{"line":121,"column":10},"skip":true},"14":{"start":{"line":70,"column":12},"end":{"line":88,"column":13},"skip":true},"15":{"start":{"line":76,"column":16},"end":{"line":87,"column":19},"skip":true},"16":{"start":{"line":79,"column":20},"end":{"line":86,"column":21},"skip":true},"17":{"start":{"line":82,"column":24},"end":{"line":82,"column":43},"skip":true},"18":{"start":{"line":83,"column":24},"end":{"line":83,"column":30},"skip":true},"19":{"start":{"line":85,"column":24},"end":{"line":85,"column":49},"skip":true},"20":{"start":{"line":89,"column":12},"end":{"line":107,"column":13},"skip":true},"21":{"start":{"line":92,"column":16},"end":{"line":102,"column":17},"skip":true},"22":{"start":{"line":93,"column":20},"end":{"line":93,"column":86},"skip":true},"23":{"start":{"line":94,"column":20},"end":{"line":95,"column":45},"skip":true},"24":{"start":{"line":96,"column":20},"end":{"line":96,"column":42},"skip":true},"25":{"start":{"line":97,"column":20},"end":{"line":97,"column":48},"skip":true},"26":{"start":{"line":100,"column":20},"end":{"line":100,"column":85},"skip":true},"27":{"start":{"line":101,"column":20},"end":{"line":101,"column":96},"skip":true},"28":{"start":{"line":103,"column":16},"end":{"line":103,"column":22},"skip":true},"29":{"start":{"line":106,"column":16},"end":{"line":106,"column":22},"skip":true},"30":{"start":{"line":108,"column":12},"end":{"line":120,"column":13},"skip":true},"31":{"start":{"line":114,"column":16},"end":{"line":119,"column":17},"skip":true},"32":{"start":{"line":116,"column":20},"end":{"line":116,"column":78},"skip":true},"33":{"start":{"line":118,"column":20},"end":{"line":118,"column":47},"skip":true},"34":{"start":{"line":123,"column":8},"end":{"line":141,"column":11},"skip":true},"35":{"start":{"line":124,"column":12},"end":{"line":124,"column":54},"skip":true},"36":{"start":{"line":125,"column":12},"end":{"line":140,"column":14},"skip":true},"37":{"start":{"line":126,"column":16},"end":{"line":126,"column":28},"skip":true},"38":{"start":{"line":127,"column":16},"end":{"line":127,"column":69},"skip":true},"39":{"start":{"line":128,"column":16},"end":{"line":128,"column":75},"skip":true},"40":{"start":{"line":129,"column":16},"end":{"line":131,"column":17},"skip":true},"41":{"start":{"line":130,"column":20},"end":{"line":130,"column":27},"skip":true},"42":{"start":{"line":133,"column":16},"end":{"line":137,"column":36},"skip":true},"43":{"start":{"line":134,"column":20},"end":{"line":136,"column":55},"skip":true},"44":{"start":{"line":139,"column":16},"end":{"line":139,"column":57},"skip":true},"45":{"start":{"line":143,"column":8},"end":{"line":147,"column":11},"skip":true},"46":{"start":{"line":144,"column":12},"end":{"line":146,"column":15},"skip":true},"47":{"start":{"line":145,"column":16},"end":{"line":145,"column":70},"skip":true},"48":{"start":{"line":149,"column":8},"end":{"line":149,"column":31},"skip":true},"49":{"start":{"line":150,"column":8},"end":{"line":150,"column":14},"skip":true},"50":{"start":{"line":158,"column":8},"end":{"line":158,"column":31},"skip":true},"51":{"start":{"line":160,"column":8},"end":{"line":160,"column":33},"skip":true},"52":{"start":{"line":161,"column":8},"end":{"line":161,"column":37},"skip":true},"53":{"start":{"line":162,"column":8},"end":{"line":162,"column":35},"skip":true},"54":{"start":{"line":164,"column":8},"end":{"line":164,"column":50},"skip":true},"55":{"start":{"line":166,"column":8},"end":{"line":256,"column":2},"skip":true},"56":{"start":{"line":258,"column":8},"end":{"line":286,"column":9},"skip":true},"57":{"start":{"line":259,"column":12},"end":{"line":269,"column":14},"skip":true},"58":{"start":{"line":271,"column":12},"end":{"line":285,"column":19},"skip":true},"59":{"start":{"line":274,"column":20},"end":{"line":274,"column":35},"skip":true},"60":{"start":{"line":275,"column":20},"end":{"line":284,"column":21},"skip":true},"61":{"start":{"line":277,"column":24},"end":{"line":277,"column":64},"skip":true},"62":{"start":{"line":279,"column":24},"end":{"line":279,"column":40},"skip":true},"63":{"start":{"line":281,"column":24},"end":{"line":281,"column":40},"skip":true},"64":{"start":{"line":283,"column":24},"end":{"line":283,"column":39},"skip":true},"65":{"start":{"line":288,"column":8},"end":{"line":290,"column":9},"skip":true},"66":{"start":{"line":289,"column":12},"end":{"line":289,"column":18},"skip":true},"67":{"start":{"line":291,"column":8},"end":{"line":293,"column":54},"skip":true},"68":{"start":{"line":296,"column":8},"end":{"line":301,"column":37},"skip":true},"69":{"start":{"line":303,"column":8},"end":{"line":303,"column":82},"skip":true},"70":{"start":{"line":306,"column":8},"end":{"line":308,"column":9},"skip":true},"71":{"start":{"line":307,"column":12},"end":{"line":307,"column":82},"skip":true},"72":{"start":{"line":310,"column":8},"end":{"line":312,"column":9},"skip":true},"73":{"start":{"line":311,"column":12},"end":{"line":311,"column":18},"skip":true},"74":{"start":{"line":313,"column":8},"end":{"line":313,"column":54},"skip":true},"75":{"start":{"line":314,"column":8},"end":{"line":314,"column":69},"skip":true},"76":{"start":{"line":315,"column":8},"end":{"line":323,"column":36},"skip":true},"77":{"start":{"line":316,"column":12},"end":{"line":316,"column":61},"skip":true},"78":{"start":{"line":317,"column":12},"end":{"line":320,"column":13},"skip":true},"79":{"start":{"line":318,"column":16},"end":{"line":318,"column":75},"skip":true},"80":{"start":{"line":319,"column":16},"end":{"line":319,"column":23},"skip":true},"81":{"start":{"line":321,"column":12},"end":{"line":321,"column":38},"skip":true},"82":{"start":{"line":322,"column":12},"end":{"line":322,"column":27},"skip":true},"83":{"start":{"line":324,"column":8},"end":{"line":324,"column":14},"skip":true}},"branchMap":{"1":{"line":39,"type":"binary-expr","locations":[{"start":{"line":39,"column":23},"end":{"line":39,"column":62}},{"start":{"line":40,"column":20},"end":{"line":40,"column":70}},{"start":{"line":41,"column":20},"end":{"line":41,"column":71}},{"start":{"line":42,"column":20},"end":{"line":42,"column":29}}]},"2":{"line":44,"type":"binary-expr","locations":[{"start":{"line":44,"column":23},"end":{"line":44,"column":37}},{"start":{"line":45,"column":20},"end":{"line":45,"column":61}},{"start":{"line":46,"column":20},"end":{"line":46,"column":70}},{"start":{"line":47,"column":20},"end":{"line":47,"column":26}}]},"3":{"line":51,"type":"cond-expr","locations":[{"start":{"line":52,"column":14},"end":{"line":52,"column":20}},{"start":{"line":53,"column":14},"end":{"line":53,"column":20}}]},"4":{"line":55,"type":"binary-expr","locations":[{"start":{"line":55,"column":16},"end":{"line":55,"column":44}},{"start":{"line":55,"column":49},"end":{"line":57,"column":43}}]},"5":{"line":55,"type":"cond-expr","locations":[{"start":{"line":56,"column":14},"end":{"line":56,"column":51}},{"start":{"line":57,"column":14},"end":{"line":57,"column":43}}]},"6":{"line":61,"type":"switch","locations":[{"start":{"line":68,"column":4},"end":{"line":150,"column":14},"skip":true},{"start":{"line":156,"column":4},"end":{"line":324,"column":14},"skip":true}]},"7":{"line":70,"type":"if","locations":[{"start":{"line":70,"column":12},"end":{"line":70,"column":12},"skip":true},{"start":{"line":70,"column":12},"end":{"line":70,"column":12},"skip":true}]},"8":{"line":70,"type":"binary-expr","locations":[{"start":{"line":70,"column":16},"end":{"line":70,"column":22},"skip":true},{"start":{"line":70,"column":27},"end":{"line":70,"column":32},"skip":true},{"start":{"line":71,"column":20},"end":{"line":71,"column":39},"skip":true},{"start":{"line":72,"column":20},"end":{"line":72,"column":49},"skip":true},{"start":{"line":73,"column":20},"end":{"line":73,"column":58},"skip":true},{"start":{"line":74,"column":20},"end":{"line":74,"column":69},"skip":true}]},"9":{"line":79,"type":"switch","locations":[{"start":{"line":80,"column":20},"end":{"line":80,"column":33},"skip":true},{"start":{"line":81,"column":20},"end":{"line":83,"column":30},"skip":true},{"start":{"line":84,"column":20},"end":{"line":85,"column":49},"skip":true}]},"10":{"line":89,"type":"switch","locations":[{"start":{"line":90,"column":12},"end":{"line":103,"column":22},"skip":true},{"start":{"line":105,"column":12},"end":{"line":106,"column":22},"skip":true}]},"11":{"line":89,"type":"binary-expr","locations":[{"start":{"line":89,"column":20},"end":{"line":89,"column":25},"skip":true},{"start":{"line":89,"column":29},"end":{"line":89,"column":48},"skip":true},{"start":{"line":89,"column":52},"end":{"line":89,"column":74},"skip":true}]},"12":{"line":92,"type":"if","locations":[{"start":{"line":92,"column":16},"end":{"line":92,"column":16},"skip":true},{"start":{"line":92,"column":16},"end":{"line":92,"column":16},"skip":true}]},"13":{"line":108,"type":"if","locations":[{"start":{"line":108,"column":12},"end":{"line":108,"column":12},"skip":true},{"start":{"line":108,"column":12},"end":{"line":108,"column":12},"skip":true}]},"14":{"line":108,"type":"binary-expr","locations":[{"start":{"line":108,"column":16},"end":{"line":108,"column":61},"skip":true},{"start":{"line":108,"column":66},"end":{"line":108,"column":72},"skip":true},{"start":{"line":108,"column":77},"end":{"line":108,"column":82},"skip":true},{"start":{"line":109,"column":20},"end":{"line":109,"column":39},"skip":true},{"start":{"line":110,"column":20},"end":{"line":110,"column":49},"skip":true},{"start":{"line":111,"column":20},"end":{"line":111,"column":58},"skip":true},{"start":{"line":112,"column":20},"end":{"line":112,"column":68},"skip":true}]},"15":{"line":129,"type":"if","locations":[{"start":{"line":129,"column":16},"end":{"line":129,"column":16},"skip":true},{"start":{"line":129,"column":16},"end":{"line":129,"column":16},"skip":true}]},"16":{"line":134,"type":"cond-expr","locations":[{"start":{"line":135,"column":26},"end":{"line":135,"column":29},"skip":true},{"start":{"line":136,"column":26},"end":{"line":136,"column":54},"skip":true}]},"17":{"line":164,"type":"binary-expr","locations":[{"start":{"line":164,"column":27},"end":{"line":164,"column":43},"skip":true},{"start":{"line":164,"column":47},"end":{"line":164,"column":49},"skip":true}]},"18":{"line":258,"type":"if","locations":[{"start":{"line":258,"column":8},"end":{"line":258,"column":8},"skip":true},{"start":{"line":258,"column":8},"end":{"line":258,"column":8},"skip":true}]},"19":{"line":275,"type":"switch","locations":[{"start":{"line":276,"column":20},"end":{"line":277,"column":64},"skip":true},{"start":{"line":278,"column":20},"end":{"line":279,"column":40},"skip":true},{"start":{"line":280,"column":20},"end":{"line":281,"column":40},"skip":true},{"start":{"line":282,"column":20},"end":{"line":283,"column":39},"skip":true}]},"20":{"line":288,"type":"if","locations":[{"start":{"line":288,"column":8},"end":{"line":288,"column":8},"skip":true},{"start":{"line":288,"column":8},"end":{"line":288,"column":8},"skip":true}]},"21":{"line":288,"type":"binary-expr","locations":[{"start":{"line":288,"column":12},"end":{"line":288,"column":40},"skip":true},{"start":{"line":288,"column":44},"end":{"line":288,"column":67},"skip":true}]},"22":{"line":292,"type":"binary-expr","locations":[{"start":{"line":292,"column":12},"end":{"line":292,"column":50},"skip":true},{"start":{"line":293,"column":12},"end":{"line":293,"column":53},"skip":true}]},"23":{"line":297,"type":"binary-expr","locations":[{"start":{"line":297,"column":12},"end":{"line":297,"column":65},"skip":true},{"start":{"line":298,"column":12},"end":{"line":301,"column":36},"skip":true}]},"24":{"line":303,"type":"binary-expr","locations":[{"start":{"line":303,"column":43},"end":{"line":303,"column":75},"skip":true},{"start":{"line":303,"column":79},"end":{"line":303,"column":81},"skip":true}]},"25":{"line":306,"type":"if","locations":[{"start":{"line":306,"column":8},"end":{"line":306,"column":8},"skip":true},{"start":{"line":306,"column":8},"end":{"line":306,"column":8},"skip":true}]},"26":{"line":310,"type":"if","locations":[{"start":{"line":310,"column":8},"end":{"line":310,"column":8},"skip":true},{"start":{"line":310,"column":8},"end":{"line":310,"column":8},"skip":true}]},"27":{"line":313,"type":"binary-expr","locations":[{"start":{"line":313,"column":27},"end":{"line":313,"column":43},"skip":true},{"start":{"line":313,"column":47},"end":{"line":313,"column":53},"skip":true}]},"28":{"line":317,"type":"if","locations":[{"start":{"line":317,"column":12},"end":{"line":317,"column":12},"skip":true},{"start":{"line":317,"column":12},"end":{"line":317,"column":12},"skip":true}]}},"code":["/*","example.js","","quickstart example","","instruction","    1. save this script as example.js","    2. run the shell command:","        $ npm install npmtest-osmosis && PORT=8081 node example.js","    3. play with the browser-demo on http://127.0.0.1:8081","*/","","","","/* istanbul instrument in package npmtest_osmosis */","/*jslint","    bitwise: true,","    browser: true,","    maxerr: 8,","    maxlen: 96,","    node: true,","    nomen: true,","    regexp: true,","    stupid: true","*/","(function () {","    'use strict';","    var local;","","","","    // run shared js-env code - init-before","    (function () {","        // init local","        local = {};","        // init modeJs","        local.modeJs = (function () {","            try {","                return typeof navigator.userAgent === 'string' &&","                    typeof document.querySelector('body') === 'object' &&","                    typeof XMLHttpRequest.prototype.open === 'function' &&","                    'browser';","            } catch (errorCaughtBrowser) {","                return module.exports &&","                    typeof process.versions.node === 'string' &&","                    typeof require('http').createServer === 'function' &&","                    'node';","            }","        }());","        // init global","        local.global = local.modeJs === 'browser'","            ? window","            : global;","        // init utility2_rollup","        local = local.global.utility2_rollup || (local.modeJs === 'browser'","            ? local.global.utility2_npmtest_osmosis","            : global.utility2_moduleExports);","        // export local","        local.global.local = local;","    }());","    switch (local.modeJs) {","","","","    // init-after","    // run browser js-env code - init-after","    /* istanbul ignore next */","    case 'browser':","        local.testRunBrowser = function (event) {","            if (!event || (event &&","                    event.currentTarget &&","                    event.currentTarget.className &&","                    event.currentTarget.className.includes &&","                    event.currentTarget.className.includes('onreset'))) {","                // reset output","                Array.from(","                    document.querySelectorAll('body > .resettable')","                ).forEach(function (element) {","                    switch (element.tagName) {","                    case 'INPUT':","                    case 'TEXTAREA':","                        element.value = '';","                        break;","                    default:","                        element.textContent = '';","                    }","                });","            }","            switch (event && event.currentTarget && event.currentTarget.id) {","            case 'testRunButton1':","                // show tests","                if (document.querySelector('#testReportDiv1').style.display === 'none') {","                    document.querySelector('#testReportDiv1').style.display = 'block';","                    document.querySelector('#testRunButton1').textContent =","                        'hide internal test';","                    local.modeTest = true;","                    local.testRunDefault(local);","                // hide tests","                } else {","                    document.querySelector('#testReportDiv1').style.display = 'none';","                    document.querySelector('#testRunButton1').textContent = 'run internal test';","                }","                break;","            // custom-case","            default:","                break;","            }","            if (document.querySelector('#inputTextareaEval1') && (!event || (event &&","                    event.currentTarget &&","                    event.currentTarget.className &&","                    event.currentTarget.className.includes &&","                    event.currentTarget.className.includes('oneval')))) {","                // try to eval input-code","                try {","                    /*jslint evil: true*/","                    eval(document.querySelector('#inputTextareaEval1').value);","                } catch (errorCaught) {","                    console.error(errorCaught);","                }","            }","        };","        // log stderr and stdout to #outputTextareaStdout1","        ['error', 'log'].forEach(function (key) {","            console[key + '_original'] = console[key];","            console[key] = function () {","                var element;","                console[key + '_original'].apply(console, arguments);","                element = document.querySelector('#outputTextareaStdout1');","                if (!element) {","                    return;","                }","                // append text to #outputTextareaStdout1","                element.value += Array.from(arguments).map(function (arg) {","                    return typeof arg === 'string'","                        ? arg","                        : JSON.stringify(arg, null, 4);","                }).join(' ') + '\\n';","                // scroll textarea to bottom","                element.scrollTop = element.scrollHeight;","            };","        });","        // init event-handling","        ['change', 'click', 'keyup'].forEach(function (event) {","            Array.from(document.querySelectorAll('.on' + event)).forEach(function (element) {","                element.addEventListener(event, local.testRunBrowser);","            });","        });","        // run tests","        local.testRunBrowser();","        break;","","","","    // run node js-env code - init-after","    /* istanbul ignore next */","    case 'node':","        // export local","        module.exports = local;","        // require modules","        local.fs = require('fs');","        local.http = require('http');","        local.url = require('url');","        // init assets","        local.assetsDict = local.assetsDict || {};","        /* jslint-ignore-begin */","        local.assetsDict['/assets.index.template.html'] = '\\","<!doctype html>\\n\\","<html lang=\"en\">\\n\\","<head>\\n\\","<meta charset=\"UTF-8\">\\n\\","<meta name=\"viewport\" content=\"width=device-width, initial-scale=1\">\\n\\","<title>{{env.npm_package_name}} (v{{env.npm_package_version}})</title>\\n\\","<style>\\n\\","/*csslint\\n\\","    box-sizing: false,\\n\\","    universal-selector: false\\n\\","*/\\n\\","* {\\n\\","    box-sizing: border-box;\\n\\","}\\n\\","body {\\n\\","    background: #dde;\\n\\","    font-family: Arial, Helvetica, sans-serif;\\n\\","    margin: 2rem;\\n\\","}\\n\\","body > * {\\n\\","    margin-bottom: 1rem;\\n\\","}\\n\\",".utility2FooterDiv {\\n\\","    margin-top: 20px;\\n\\","    text-align: center;\\n\\","}\\n\\","</style>\\n\\","<style>\\n\\","/*csslint\\n\\","*/\\n\\","textarea {\\n\\","    font-family: monospace;\\n\\","    height: 10rem;\\n\\","    width: 100%;\\n\\","}\\n\\","textarea[readonly] {\\n\\","    background: #ddd;\\n\\","}\\n\\","</style>\\n\\","</head>\\n\\","<body>\\n\\","<!-- utility2-comment\\n\\","<div id=\"ajaxProgressDiv1\" style=\"background: #d00; height: 2px; left: 0; margin: 0; padding: 0; position: fixed; top: 0; transition: background 0.5s, width 1.5s; width: 25%;\"></div>\\n\\","utility2-comment -->\\n\\","<h1>\\n\\","<!-- utility2-comment\\n\\","    <a\\n\\","        {{#if env.npm_package_homepage}}\\n\\","        href=\"{{env.npm_package_homepage}}\"\\n\\","        {{/if env.npm_package_homepage}}\\n\\","        target=\"_blank\"\\n\\","    >\\n\\","utility2-comment -->\\n\\","        {{env.npm_package_name}} (v{{env.npm_package_version}})\\n\\","<!-- utility2-comment\\n\\","    </a>\\n\\","utility2-comment -->\\n\\","</h1>\\n\\","<h3>{{env.npm_package_description}}</h3>\\n\\","<!-- utility2-comment\\n\\","<h4><a download href=\"assets.app.js\">download standalone app</a></h4>\\n\\","<button class=\"onclick onreset\" id=\"testRunButton1\">run internal test</button><br>\\n\\","<div id=\"testReportDiv1\" style=\"display: none;\"></div>\\n\\","utility2-comment -->\\n\\","\\n\\","\\n\\","\\n\\","<label>stderr and stdout</label>\\n\\","<textarea class=\"resettable\" id=\"outputTextareaStdout1\" readonly></textarea>\\n\\","<!-- utility2-comment\\n\\","{{#if isRollup}}\\n\\","<script src=\"assets.app.js\"></script>\\n\\","{{#unless isRollup}}\\n\\","utility2-comment -->\\n\\","<script src=\"assets.utility2.rollup.js\"></script>\\n\\","<script src=\"jsonp.utility2._stateInit?callback=window.utility2._stateInit\"></script>\\n\\","<script src=\"assets.npmtest_osmosis.rollup.js\"></script>\\n\\","<script src=\"assets.example.js\"></script>\\n\\","<script src=\"assets.test.js\"></script>\\n\\","<!-- utility2-comment\\n\\","{{/if isRollup}}\\n\\","utility2-comment -->\\n\\","<div class=\"utility2FooterDiv\">\\n\\","    [ this app was created with\\n\\","    <a href=\"https://github.com/kaizhu256/node-utility2\" target=\"_blank\">utility2</a>\\n\\","    ]\\n\\","</div>\\n\\","</body>\\n\\","</html>\\n\\","';","        /* jslint-ignore-end */","        if (local.templateRender) {","            local.assetsDict['/'] = local.templateRender(","                local.assetsDict['/assets.index.template.html'],","                {","                    env: local.objectSetDefault(local.env, {","                        npm_package_description: 'the greatest app in the world!',","                        npm_package_name: 'my-app',","                        npm_package_nameAlias: 'my_app',","                        npm_package_version: '0.0.1'","                    })","                }","            );","        } else {","            local.assetsDict['/'] = local.assetsDict['/assets.index.template.html']","                .replace((/\\{\\{env\\.(\\w+?)\\}\\}/g), function (match0, match1) {","                    // jslint-hack","                    String(match0);","                    switch (match1) {","                    case 'npm_package_description':","                        return 'the greatest app in the world!';","                    case 'npm_package_name':","                        return 'my-app';","                    case 'npm_package_nameAlias':","                        return 'my_app';","                    case 'npm_package_version':","                        return '0.0.1';","                    }","                });","        }","        // run the cli","        if (local.global.utility2_rollup || module !== require.main) {","            break;","        }","        local.assetsDict['/assets.example.js'] =","            local.assetsDict['/assets.example.js'] ||","            local.fs.readFileSync(__filename, 'utf8');","        // bug-workaround - long $npm_package_buildCustomOrg","        /* jslint-ignore-begin */","        local.assetsDict['/assets.npmtest_osmosis.rollup.js'] =","            local.assetsDict['/assets.npmtest_osmosis.rollup.js'] ||","            local.fs.readFileSync(","                local.npmtest_osmosis.__dirname + '/lib.npmtest_osmosis.js',","                'utf8'","            ).replace((/^#!/), '//');","        /* jslint-ignore-end */","        local.assetsDict['/favicon.ico'] = local.assetsDict['/favicon.ico'] || '';","        // if $npm_config_timeout_exit exists,","        // then exit this process after $npm_config_timeout_exit ms","        if (Number(process.env.npm_config_timeout_exit)) {","            setTimeout(process.exit, Number(process.env.npm_config_timeout_exit));","        }","        // start server","        if (local.global.utility2_serverHttp1) {","            break;","        }","        process.env.PORT = process.env.PORT || '8081';","        console.error('server starting on port ' + process.env.PORT);","        local.http.createServer(function (request, response) {","            request.urlParsed = local.url.parse(request.url);","            if (local.assetsDict[request.urlParsed.pathname] !== undefined) {","                response.end(local.assetsDict[request.urlParsed.pathname]);","                return;","            }","            response.statusCode = 404;","            response.end();","        }).listen(process.env.PORT);","        break;","    }","}());",""],"l":{"26":2,"28":2,"33":2,"35":2,"37":2,"38":2,"39":2,"44":1,"51":2,"55":2,"59":2,"61":2,"69":1,"70":2,"76":2,"79":2,"82":2,"83":2,"85":1,"89":2,"92":1,"93":1,"94":1,"96":1,"97":1,"100":1,"101":1,"103":1,"106":1,"108":2,"114":1,"116":1,"118":1,"123":1,"124":2,"125":2,"126":3,"127":3,"128":3,"129":3,"130":1,"133":3,"134":3,"139":3,"143":1,"144":3,"145":1,"149":1,"150":1,"158":1,"160":1,"161":1,"162":1,"164":1,"166":1,"258":1,"259":1,"271":1,"274":6,"275":6,"277":1,"279":2,"281":1,"283":2,"288":1,"289":1,"291":1,"296":1,"303":1,"306":1,"307":1,"310":1,"311":1,"313":1,"314":1,"315":1,"316":1,"317":1,"318":1,"319":1,"321":1,"322":1,"324":1}},"/home/travis/build/npmtest/node-npmtest-osmosis/node_modules/osmosis/index.js":{"path":"/home/travis/build/npmtest/node-npmtest-osmosis/node_modules/osmosis/index.js","s":{"1":1,"2":0,"3":0,"4":0,"5":0,"6":0,"7":0,"8":1,"9":0,"10":0,"11":0,"12":0,"13":0,"14":0,"15":0,"16":1,"17":1,"18":0,"19":0,"20":0,"21":0,"22":0,"23":0,"24":0,"25":0,"26":0,"27":0,"28":0,"29":0,"30":0,"31":1,"32":0,"33":0,"34":0,"35":0,"36":1,"37":0,"38":0,"39":0,"40":0,"41":0,"42":0,"43":0,"44":0,"45":0,"46":0,"47":0,"48":0,"49":0,"50":0,"51":0,"52":0,"53":0,"54":0,"55":0,"56":0,"57":0,"58":1,"59":0,"60":0,"61":0,"62":0,"63":0,"64":1,"65":0,"66":0,"67":0,"68":0,"69":0,"70":1,"71":0,"72":0,"73":0,"74":0,"75":1,"76":0,"77":0,"78":0,"79":0,"80":0,"81":0,"82":0,"83":0,"84":0,"85":0,"86":1,"87":0,"88":0,"89":0,"90":1,"91":0,"92":0,"93":0,"94":0,"95":0,"96":0,"97":0,"98":0,"99":0,"100":1,"101":1,"102":1,"103":1,"104":0,"105":1,"106":53,"107":1,"108":52,"109":0,"110":0,"111":0,"112":1,"113":1,"114":1,"115":0,"116":1,"117":0,"118":0,"119":0,"120":0,"121":0,"122":1},"b":{"1":[0,0],"2":[0,0],"3":[0,0],"4":[0,0],"5":[0,0],"6":[0,0],"7":[0,0],"8":[0,0],"9":[0,0],"10":[0,0,0],"11":[0,0],"12":[0,0],"13":[0,0],"14":[0,0],"15":[0,0],"16":[0,0],"17":[0,0],"18":[0,0],"19":[0,0],"20":[0,0],"21":[0,0],"22":[0,0],"23":[0,0],"24":[0,0],"25":[0,0],"26":[0,0],"27":[1,52],"28":[0,0],"29":[0,0,0],"30":[0,0],"31":[0,0]},"f":{"1":0,"2":0,"3":0,"4":0,"5":0,"6":0,"7":0,"8":0,"9":0,"10":0,"11":0,"12":0,"13":0,"14":0,"15":0,"16":0,"17":53,"18":0,"19":0,"20":0},"fnMap":{"1":{"name":"(anonymous_1)","line":10,"loc":{"start":{"line":10,"column":14},"end":{"line":10,"column":35}}},"2":{"name":"(anonymous_2)","line":14,"loc":{"start":{"line":14,"column":14},"end":{"line":14,"column":39}}},"3":{"name":"Osmosis","line":52,"loc":{"start":{"line":52,"column":0},"end":{"line":52,"column":30}}},"4":{"name":"(anonymous_4)","line":123,"loc":{"start":{"line":123,"column":27},"end":{"line":123,"column":52}}},"5":{"name":"(anonymous_5)","line":158,"loc":{"start":{"line":158,"column":24},"end":{"line":158,"column":36}}},"6":{"name":"(anonymous_6)","line":161,"loc":{"start":{"line":161,"column":21},"end":{"line":161,"column":33}}},"7":{"name":"(anonymous_7)","line":173,"loc":{"start":{"line":173,"column":28},"end":{"line":173,"column":66}}},"8":{"name":"(anonymous_8)","line":188,"loc":{"start":{"line":188,"column":12},"end":{"line":188,"column":38}}},"9":{"name":"(anonymous_9)","line":222,"loc":{"start":{"line":222,"column":28},"end":{"line":222,"column":47}}},"10":{"name":"(anonymous_10)","line":241,"loc":{"start":{"line":241,"column":33},"end":{"line":244,"column":50}}},"11":{"name":"(anonymous_11)","line":256,"loc":{"start":{"line":256,"column":35},"end":{"line":256,"column":47}}},"12":{"name":"(anonymous_12)","line":277,"loc":{"start":{"line":277,"column":26},"end":{"line":277,"column":48}}},"13":{"name":"(anonymous_13)","line":298,"loc":{"start":{"line":298,"column":30},"end":{"line":298,"column":42}}},"14":{"name":"(anonymous_14)","line":346,"loc":{"start":{"line":346,"column":30},"end":{"line":346,"column":48}}},"15":{"name":"(anonymous_15)","line":360,"loc":{"start":{"line":360,"column":27},"end":{"line":360,"column":42}}},"16":{"name":"(anonymous_16)","line":383,"loc":{"start":{"line":383,"column":28},"end":{"line":383,"column":40}}},"17":{"name":"(anonymous_17)","line":389,"loc":{"start":{"line":389,"column":39},"end":{"line":389,"column":55}}},"18":{"name":"StartingFunction","line":394,"loc":{"start":{"line":394,"column":20},"end":{"line":394,"column":64}}},"19":{"name":"(anonymous_19)","line":409,"loc":{"start":{"line":409,"column":33},"end":{"line":409,"column":60}}},"20":{"name":"(anonymous_20)","line":413,"loc":{"start":{"line":413,"column":32},"end":{"line":413,"column":52}}}},"statementMap":{"1":{"start":{"line":3,"column":0},"end":{"line":24,"column":6}},"2":{"start":{"line":11,"column":8},"end":{"line":11,"column":61}},"3":{"start":{"line":15,"column":8},"end":{"line":16,"column":36}},"4":{"start":{"line":18,"column":8},"end":{"line":21,"column":9}},"5":{"start":{"line":19,"column":12},"end":{"line":19,"column":26}},"6":{"start":{"line":20,"column":12},"end":{"line":20,"column":37}},"7":{"start":{"line":23,"column":8},"end":{"line":23,"column":22}},"8":{"start":{"line":52,"column":0},"end":{"line":64,"column":1}},"9":{"start":{"line":53,"column":4},"end":{"line":59,"column":5}},"10":{"start":{"line":54,"column":8},"end":{"line":56,"column":9}},"11":{"start":{"line":55,"column":12},"end":{"line":55,"column":48}},"12":{"start":{"line":58,"column":8},"end":{"line":58,"column":40}},"13":{"start":{"line":61,"column":4},"end":{"line":61,"column":35}},"14":{"start":{"line":62,"column":4},"end":{"line":62,"column":37}},"15":{"start":{"line":63,"column":4},"end":{"line":63,"column":32}},"16":{"start":{"line":89,"column":0},"end":{"line":107,"column":2}},"17":{"start":{"line":122,"column":0},"end":{"line":146,"column":2}},"18":{"start":{"line":124,"column":4},"end":{"line":125,"column":18}},"19":{"start":{"line":127,"column":4},"end":{"line":133,"column":5}},"20":{"start":{"line":128,"column":8},"end":{"line":128,"column":35}},"21":{"start":{"line":129,"column":11},"end":{"line":133,"column":5}},"22":{"start":{"line":130,"column":8},"end":{"line":130,"column":30}},"23":{"start":{"line":132,"column":8},"end":{"line":132,"column":25}},"24":{"start":{"line":135,"column":4},"end":{"line":137,"column":5}},"25":{"start":{"line":136,"column":8},"end":{"line":136,"column":20}},"26":{"start":{"line":139,"column":4},"end":{"line":145,"column":5}},"27":{"start":{"line":140,"column":8},"end":{"line":140,"column":29}},"28":{"start":{"line":141,"column":11},"end":{"line":145,"column":5}},"29":{"start":{"line":142,"column":8},"end":{"line":144,"column":9}},"30":{"start":{"line":143,"column":12},"end":{"line":143,"column":36}},"31":{"start":{"line":158,"column":0},"end":{"line":165,"column":2}},"32":{"start":{"line":159,"column":4},"end":{"line":159,"column":20}},"33":{"start":{"line":161,"column":4},"end":{"line":164,"column":7}},"34":{"start":{"line":162,"column":8},"end":{"line":162,"column":29}},"35":{"start":{"line":163,"column":8},"end":{"line":163,"column":29}},"36":{"start":{"line":173,"column":0},"end":{"line":228,"column":2}},"37":{"start":{"line":174,"column":4},"end":{"line":177,"column":28}},"38":{"start":{"line":179,"column":4},"end":{"line":179,"column":20}},"39":{"start":{"line":180,"column":4},"end":{"line":180,"column":26}},"40":{"start":{"line":181,"column":4},"end":{"line":181,"column":22}},"41":{"start":{"line":183,"column":4},"end":{"line":227,"column":15}},"42":{"start":{"line":189,"column":16},"end":{"line":189,"column":43}},"43":{"start":{"line":191,"column":16},"end":{"line":191,"column":38}},"44":{"start":{"line":193,"column":16},"end":{"line":204,"column":17}},"45":{"start":{"line":195,"column":20},"end":{"line":197,"column":72}},"46":{"start":{"line":200,"column":20},"end":{"line":203,"column":21}},"47":{"start":{"line":201,"column":24},"end":{"line":201,"column":62}},"48":{"start":{"line":202,"column":24},"end":{"line":202,"column":60}},"49":{"start":{"line":206,"column":16},"end":{"line":217,"column":17}},"50":{"start":{"line":207,"column":20},"end":{"line":207,"column":66}},"51":{"start":{"line":209,"column":20},"end":{"line":214,"column":21}},"52":{"start":{"line":210,"column":24},"end":{"line":213,"column":58}},"53":{"start":{"line":216,"column":20},"end":{"line":216,"column":45}},"54":{"start":{"line":219,"column":16},"end":{"line":219,"column":38}},"55":{"start":{"line":220,"column":16},"end":{"line":220,"column":33}},"56":{"start":{"line":223,"column":16},"end":{"line":226,"column":17}},"57":{"start":{"line":224,"column":20},"end":{"line":225,"column":62}},"58":{"start":{"line":241,"column":0},"end":{"line":254,"column":2}},"59":{"start":{"line":245,"column":4},"end":{"line":247,"column":5}},"60":{"start":{"line":246,"column":8},"end":{"line":246,"column":18}},"61":{"start":{"line":249,"column":4},"end":{"line":253,"column":5}},"62":{"start":{"line":250,"column":8},"end":{"line":250,"column":49}},"63":{"start":{"line":252,"column":8},"end":{"line":252,"column":57}},"64":{"start":{"line":256,"column":0},"end":{"line":266,"column":2}},"65":{"start":{"line":257,"column":4},"end":{"line":257,"column":40}},"66":{"start":{"line":259,"column":4},"end":{"line":261,"column":5}},"67":{"start":{"line":260,"column":8},"end":{"line":260,"column":15}},"68":{"start":{"line":263,"column":4},"end":{"line":263,"column":31}},"69":{"start":{"line":265,"column":4},"end":{"line":265,"column":49}},"70":{"start":{"line":277,"column":0},"end":{"line":290,"column":2}},"71":{"start":{"line":283,"column":4},"end":{"line":283,"column":48}},"72":{"start":{"line":285,"column":4},"end":{"line":287,"column":5}},"73":{"start":{"line":286,"column":8},"end":{"line":286,"column":41}},"74":{"start":{"line":289,"column":4},"end":{"line":289,"column":20}},"75":{"start":{"line":298,"column":0},"end":{"line":335,"column":2}},"76":{"start":{"line":299,"column":4},"end":{"line":302,"column":41}},"77":{"start":{"line":304,"column":4},"end":{"line":308,"column":5}},"78":{"start":{"line":305,"column":8},"end":{"line":305,"column":30}},"79":{"start":{"line":307,"column":8},"end":{"line":307,"column":15}},"80":{"start":{"line":310,"column":4},"end":{"line":312,"column":5}},"81":{"start":{"line":311,"column":8},"end":{"line":311,"column":48}},"82":{"start":{"line":314,"column":4},"end":{"line":316,"column":5}},"83":{"start":{"line":315,"column":8},"end":{"line":315,"column":32}},"84":{"start":{"line":318,"column":4},"end":{"line":332,"column":14}},"85":{"start":{"line":334,"column":4},"end":{"line":334,"column":26}},"86":{"start":{"line":346,"column":0},"end":{"line":350,"column":2}},"87":{"start":{"line":347,"column":4},"end":{"line":347,"column":25}},"88":{"start":{"line":348,"column":4},"end":{"line":348,"column":40}},"89":{"start":{"line":349,"column":4},"end":{"line":349,"column":39}},"90":{"start":{"line":360,"column":0},"end":{"line":378,"column":2}},"91":{"start":{"line":361,"column":4},"end":{"line":361,"column":18}},"92":{"start":{"line":363,"column":4},"end":{"line":377,"column":5}},"93":{"start":{"line":364,"column":8},"end":{"line":366,"column":9}},"94":{"start":{"line":365,"column":12},"end":{"line":365,"column":34}},"95":{"start":{"line":368,"column":8},"end":{"line":368,"column":35}},"96":{"start":{"line":370,"column":8},"end":{"line":370,"column":41}},"97":{"start":{"line":372,"column":8},"end":{"line":374,"column":9}},"98":{"start":{"line":373,"column":12},"end":{"line":373,"column":34}},"99":{"start":{"line":376,"column":8},"end":{"line":376,"column":30}},"100":{"start":{"line":380,"column":0},"end":{"line":380,"column":31}},"101":{"start":{"line":381,"column":0},"end":{"line":381,"column":33}},"102":{"start":{"line":382,"column":0},"end":{"line":382,"column":34}},"103":{"start":{"line":383,"column":0},"end":{"line":385,"column":2}},"104":{"start":{"line":384,"column":4},"end":{"line":384,"column":32}},"105":{"start":{"line":389,"column":0},"end":{"line":402,"column":3}},"106":{"start":{"line":390,"column":4},"end":{"line":392,"column":5}},"107":{"start":{"line":391,"column":8},"end":{"line":391,"column":15}},"108":{"start":{"line":394,"column":4},"end":{"line":401,"column":6}},"109":{"start":{"line":395,"column":8},"end":{"line":396,"column":40}},"110":{"start":{"line":398,"column":8},"end":{"line":398,"column":68}},"111":{"start":{"line":400,"column":8},"end":{"line":400,"column":47}},"112":{"start":{"line":406,"column":0},"end":{"line":406,"column":69}},"113":{"start":{"line":407,"column":0},"end":{"line":407,"column":68}},"114":{"start":{"line":409,"column":0},"end":{"line":411,"column":2}},"115":{"start":{"line":410,"column":4},"end":{"line":410,"column":45}},"116":{"start":{"line":413,"column":0},"end":{"line":423,"column":2}},"117":{"start":{"line":414,"column":4},"end":{"line":420,"column":5}},"118":{"start":{"line":417,"column":8},"end":{"line":417,"column":40}},"119":{"start":{"line":418,"column":11},"end":{"line":420,"column":5}},"120":{"start":{"line":419,"column":8},"end":{"line":419,"column":63}},"121":{"start":{"line":422,"column":4},"end":{"line":422,"column":59}},"122":{"start":{"line":454,"column":0},"end":{"line":454,"column":25}}},"branchMap":{"1":{"line":11,"type":"binary-expr","locations":[{"start":{"line":11,"column":44},"end":{"line":11,"column":47}},{"start":{"line":11,"column":51},"end":{"line":11,"column":52}}]},"2":{"line":53,"type":"if","locations":[{"start":{"line":53,"column":4},"end":{"line":53,"column":4}},{"start":{"line":53,"column":4},"end":{"line":53,"column":4}}]},"3":{"line":54,"type":"if","locations":[{"start":{"line":54,"column":8},"end":{"line":54,"column":8}},{"start":{"line":54,"column":8},"end":{"line":54,"column":8}}]},"4":{"line":127,"type":"if","locations":[{"start":{"line":127,"column":4},"end":{"line":127,"column":4}},{"start":{"line":127,"column":4},"end":{"line":127,"column":4}}]},"5":{"line":129,"type":"if","locations":[{"start":{"line":129,"column":11},"end":{"line":129,"column":11}},{"start":{"line":129,"column":11},"end":{"line":129,"column":11}}]},"6":{"line":135,"type":"if","locations":[{"start":{"line":135,"column":4},"end":{"line":135,"column":4}},{"start":{"line":135,"column":4},"end":{"line":135,"column":4}}]},"7":{"line":139,"type":"if","locations":[{"start":{"line":139,"column":4},"end":{"line":139,"column":4}},{"start":{"line":139,"column":4},"end":{"line":139,"column":4}}]},"8":{"line":141,"type":"if","locations":[{"start":{"line":141,"column":11},"end":{"line":141,"column":11}},{"start":{"line":141,"column":11},"end":{"line":141,"column":11}}]},"9":{"line":193,"type":"if","locations":[{"start":{"line":193,"column":16},"end":{"line":193,"column":16}},{"start":{"line":193,"column":16},"end":{"line":193,"column":16}}]},"10":{"line":193,"type":"binary-expr","locations":[{"start":{"line":193,"column":21},"end":{"line":193,"column":38}},{"start":{"line":193,"column":42},"end":{"line":193,"column":64}},{"start":{"line":194,"column":20},"end":{"line":194,"column":41}}]},"11":{"line":200,"type":"if","locations":[{"start":{"line":200,"column":20},"end":{"line":200,"column":20}},{"start":{"line":200,"column":20},"end":{"line":200,"column":20}}]},"12":{"line":206,"type":"if","locations":[{"start":{"line":206,"column":16},"end":{"line":206,"column":16}},{"start":{"line":206,"column":16},"end":{"line":206,"column":16}}]},"13":{"line":206,"type":"binary-expr","locations":[{"start":{"line":206,"column":20},"end":{"line":206,"column":32}},{"start":{"line":206,"column":36},"end":{"line":206,"column":56}}]},"14":{"line":209,"type":"if","locations":[{"start":{"line":209,"column":20},"end":{"line":209,"column":20}},{"start":{"line":209,"column":20},"end":{"line":209,"column":20}}]},"15":{"line":223,"type":"if","locations":[{"start":{"line":223,"column":16},"end":{"line":223,"column":16}},{"start":{"line":223,"column":16},"end":{"line":223,"column":16}}]},"16":{"line":245,"type":"if","locations":[{"start":{"line":245,"column":4},"end":{"line":245,"column":4}},{"start":{"line":245,"column":4},"end":{"line":245,"column":4}}]},"17":{"line":249,"type":"if","locations":[{"start":{"line":249,"column":4},"end":{"line":249,"column":4}},{"start":{"line":249,"column":4},"end":{"line":249,"column":4}}]},"18":{"line":259,"type":"if","locations":[{"start":{"line":259,"column":4},"end":{"line":259,"column":4}},{"start":{"line":259,"column":4},"end":{"line":259,"column":4}}]},"19":{"line":259,"type":"binary-expr","locations":[{"start":{"line":259,"column":8},"end":{"line":259,"column":20}},{"start":{"line":259,"column":24},"end":{"line":259,"column":68}}]},"20":{"line":285,"type":"if","locations":[{"start":{"line":285,"column":4},"end":{"line":285,"column":4}},{"start":{"line":285,"column":4},"end":{"line":285,"column":4}}]},"21":{"line":285,"type":"binary-expr","locations":[{"start":{"line":285,"column":8},"end":{"line":285,"column":26}},{"start":{"line":285,"column":30},"end":{"line":285,"column":56}}]},"22":{"line":304,"type":"if","locations":[{"start":{"line":304,"column":4},"end":{"line":304,"column":4}},{"start":{"line":304,"column":4},"end":{"line":304,"column":4}}]},"23":{"line":310,"type":"if","locations":[{"start":{"line":310,"column":4},"end":{"line":310,"column":4}},{"start":{"line":310,"column":4},"end":{"line":310,"column":4}}]},"24":{"line":314,"type":"if","locations":[{"start":{"line":314,"column":4},"end":{"line":314,"column":4}},{"start":{"line":314,"column":4},"end":{"line":314,"column":4}}]},"25":{"line":363,"type":"if","locations":[{"start":{"line":363,"column":4},"end":{"line":363,"column":4}},{"start":{"line":363,"column":4},"end":{"line":363,"column":4}}]},"26":{"line":364,"type":"if","locations":[{"start":{"line":364,"column":8},"end":{"line":364,"column":8}},{"start":{"line":364,"column":8},"end":{"line":364,"column":8}}]},"27":{"line":390,"type":"if","locations":[{"start":{"line":390,"column":4},"end":{"line":390,"column":4}},{"start":{"line":390,"column":4},"end":{"line":390,"column":4}}]},"28":{"line":414,"type":"if","locations":[{"start":{"line":414,"column":4},"end":{"line":414,"column":4}},{"start":{"line":414,"column":4},"end":{"line":414,"column":4}}]},"29":{"line":414,"type":"binary-expr","locations":[{"start":{"line":414,"column":8},"end":{"line":414,"column":34}},{"start":{"line":415,"column":8},"end":{"line":415,"column":34}},{"start":{"line":416,"column":8},"end":{"line":416,"column":34}}]},"30":{"line":418,"type":"if","locations":[{"start":{"line":418,"column":11},"end":{"line":418,"column":11}},{"start":{"line":418,"column":11},"end":{"line":418,"column":11}}]},"31":{"line":422,"type":"binary-expr","locations":[{"start":{"line":422,"column":11},"end":{"line":422,"column":52}},{"start":{"line":422,"column":56},"end":{"line":422,"column":58}}]}},"code":["'use strict';","","var Command = require('./lib/Command.js'),","    Queue   = require('./lib/Queue.js'),","    request = require('./lib/Request.js'),","    libxml  = require('libxmljs-dom'),","    instanceId      = 0,","    memoryUsage     = 0,","    cachedSelectors = {},","    toMB    = function (size, num) {","        return (size / 1024 / 1024).toFixed(num || 2) + 'Mb';","    },","","    extend  = function (object, donor) {","        var key, keys = Object.keys(donor),","                    i = keys.length;","","        while (i--) {","            key = keys[i];","            object[key] = donor[key];","        }","","        return object;","    };","","/**"," *"," * Unless called with `new`, Osmosis will start automatically."," * To start an instance created with `new`, use {@link Osmosis.run}."," *"," * @constructor Osmosis"," *"," * @param {(string|contextCallback)} url - A URL"," * @param {object} [params] - GET query parameters"," * @returns Command"," * @see {@link Command.run}"," *"," * @example {@lang javascript}"," *"," * // These instances start immediately"," * osmosis.get('http://example.com');"," * osmosis('http://example.com');"," *"," * // These instances need started"," * instance = new osmosis.get('http://example.com');"," * instance.run();"," *"," * instance = new osmosis('http://example.com');"," * instance.run();"," */","","function Osmosis(url, params) {","    if (url !== undefined) {","        if (this instanceof Osmosis) {","            return new Osmosis.get(url, params);","        }","","        return Osmosis.get(url, params);","    }","","    this.queue   = new Queue(this);","    this.command = new Command(this);","    this.id      = ++instanceId;","}","","","/**"," * @name options"," *"," * Osmosis and {@link https://github.com/tomas/needle|needle} options."," *"," * @property {string} accept             - HTTP Accept header"," * @property {bool}   compressed         - Compress HTTP requests"," * @property {number} concurrency        - Number of simultaneous HTTP requests"," * @property {bool}   decode_response    - Decode compressed HTTP responses"," * @property {number} follow             - Number of redirects to follow"," * @property {bool}   follow_set_cookies - Set cookies for redirects"," * @property {bool}   follow_set_referer - Set referer header for redirects"," * @property {bool}   keep_data          - Keep raw HTTP data in","                                           context.response.data"," * @property {bool}   timeout            - HTTP request timeout"," * @property {bool}   tries              - HTTP request attempts"," * @property {bool}   user_agent         - HTTP user agent"," * @memberof Osmosis"," * @instance"," * @default"," */","","Osmosis.prototype.opts = {","    accept:                 'text/html,application/xhtml+xml,' +","                            'application/xml;q=0.9,*/*;q=0.8',","    compressed:             true,","    concurrency:            5,","    decode_response:        true,","    follow:                 3,","    follow_set_cookies:     true,","    follow_set_referer:     true,","    keep_data:              false,","    parse_cookies:          true, // Parse \"Set-Cookie\" header","    parse_response:         false,","    rejectUnauthorized:     false,","    statsThreshold:         25,","    timeout:                30 * 1000,","    tries:                  3,","    user_agent:             'Mozilla/5.0 (Windows NT x.y; rv:10.0) ' +","                            'Gecko/20100101 Firefox/10.0'","};","","/**"," * Configure global Osmosis options."," *"," * @function config"," * @memberof Osmosis"," * @param {string|object} option - A string `key` or an object of"," * { key: value } pairs."," * @param {any} [value] - A value for the `key`"," * @instance"," * @see {@link Command.config}"," * @see {@link Osmosis.options}"," */","","Osmosis.config =","Osmosis.prototype.config = function (option, value) {","    var hasPrototype = (this.prototype !== undefined),","        opts, key;","","    if (hasPrototype === true) {","        opts = this.prototype.opts;","    } else if (this.opts === undefined) {","        opts = this.opts = {};","    } else {","        opts = this.opts;","    }","","    if (option === undefined) {","        return opts;","    }","","    if (value !== undefined) {","        opts[option] = value;","    } else if (key !== undefined) {","        for (key in option) {","            opts[key] = option[key];","        }","    }","};","","/**"," * Run (or re-run) an Osmosis instance."," *g"," * If you frequently use the same Osmosis instance"," * (such as in an Express server), it's much more efficient to"," * initialize the instance once and repeatedly use `run` as needed."," *"," * @borrows Command.run"," * @see {@link Command.run}"," */","Osmosis.prototype.run = function () {","    var self = this;","","    process.nextTick(function () {","        self.started  = true;","        self.command.start();","    });","};","","/**"," * Make an HTTP request."," *"," * @private"," */","","Osmosis.prototype.request = function (url, opts, callback, tries) {","    var self = this,","        href   = url.href,","        method = url.method,","        params = url.params;","","    this.requests++;","    this.queue.requests++;","    this.queue.push();","","    request(url.method,","            url,","            url.params,","            opts,","            tries,","            function (err, res, data) {","                var proxies = opts.proxies;","","                self.queue.requests--;","","                if ((res === undefined || res.statusCode !== 404) &&","                    proxies !== undefined) {","                    self.command.error('proxy ' + (proxies.index + 1) +","                                        '/' + proxies.length +","                                        ' failed (' + opts.proxy + ')');","","                    // remove the failing proxy","                    if (proxies.length > 1) {","                        opts.proxies.splice(proxies.index, 1);","                        opts.proxy = proxies[proxies.index];","                    }","                }","","                if (err !== null && ++tries < opts.tries) {","                    self.queueRequest(url, opts, callback, tries);","","                    if (self.opts.log === true) {","                        self.command.error(err + ', retrying ' +","                                        url.href + ' (' +","                                        (tries + 1) + '/' +","                                        opts.tries + ')');","                    }","                } else {","                    callback(err, res, data);","                }","","                self.dequeueRequest();","                self.queue.pop();","            })","            .on('redirect', function (new_url) {","                if (self.opts.log === true) {","                    self.command.log('[redirect] ' +","                                     href + ' -> ' + new_url);","                }","            });","};","","/**"," * Add a request to the queue."," *"," * @param {string} method - HTTP request method"," * @param {string} url - The URL to request"," * @param {object} params - HTTP GET/POST Data"," * @param {object} opts - HTTP request options"," * @param {function} callback - Function to call when done"," * @private"," */","","Osmosis.prototype.queueRequest = function (url,","                                           opts,","                                           callback,","                                           tries) {","    if (tries === undefined) {","        tries = 0;","    }","","    if (this.queue.requests < this.opts.concurrency) {","        this.request(url, opts, callback, tries);","    } else {","        this.queue.enqueue([url, opts, callback, tries]);","    }","};","","Osmosis.prototype.dequeueRequest = function () {","    var arr, length = this.queue.length;","","    if (length === 0 || this.queue.requests >= this.opts.concurrency) {","        return;","    }","","    arr = this.queue.dequeue();","","    this.request(arr[0], arr[1], arr[2], arr[3]);","};","","/**"," * Parse XML/HTML data."," *"," * @param {string|buffer} data - The data to parse"," * @param {object} opts - libxmljs parse options"," * @private"," * @see Command.parse"," */","","Osmosis.prototype.parse = function (data, opts) {","    /*","     * We only use `parseHtml` because we need to","     * avoid libxml namespaces when searching the document.","     */","","    var document = libxml.parseHtml(data, opts);","","    if (opts !== undefined && opts.baseUrl !== undefined) {","        document.location = opts.baseUrl;","    }","","    return document;","};","","/**"," * Print Node.JS process statistics via {@link Command.debug}."," *"," * @private"," */","","Osmosis.prototype.resources = function () {","    var mem         = process.memoryUsage(),","        memDiff     = toMB(mem.rss - memoryUsage),","        libxml_mem  = libxml.memoryUsage(),","        nodes       = libxml.nodeCount();","","    if (this.opts.debug !== true) {","        this.resources = null;","","        return;","    }","","    if (nodes >= 1000) {","        nodes = (nodes / 1000).toFixed(0) + 'k';","    }","","    if (memDiff.charAt(0) !== '-') {","        memDiff = '+' + memDiff;","    }","","    this.command.debug(","                'stack: '    + this.queue.count + ', ' +","","                'requests: ' + this.requests +","                             ' (' + this.queue.requests + ' queued), ' +","","                'RAM: '      + toMB(mem.rss) + ' (' + memDiff + '), ' +","","                'libxml: '   + ((libxml_mem / mem.rss) * 100).toFixed(1) +","                             '% (' + nodes + ' nodes), ' +","","                'heap: '     + ((mem.heapUsed / mem.heapTotal) * 100)","                             .toFixed(0) + '% of ' +","                             toMB(mem.heapTotal)","            );","","    memoryUsage = mem.rss;","};","","/**"," * Set the parent instance for this instance."," *"," * Inherit the parent's queue and options."," *"," * @private"," * @param {Command} parent - The parent Command."," */","","Osmosis.prototype.setParent = function (parent) {","    this.parent = parent;","    this.queue  = parent.instance.queue;","    this.opts   = parent.instance.opts;","};","","/**"," * Resume the current instance."," *"," * @param {function} callback - A function to call when resuming"," * @borrows Command.resume"," * @private"," */","","Osmosis.prototype.resume = function (arg) {","    var length, i;","","    if (typeof arg === 'function') {","        if (this.resumeQueue === undefined) {","            this.resumeQueue = [];","        }","","        this.resumeQueue.push(arg);","    } else {","        length = this.resumeQueue.length;","","        for (i = 0; i < length; ++i) {","            this.resumeQueue[i]();","        }","","        this.dequeueRequest();","    }","};","","Osmosis.prototype.requests = 0;","Osmosis.prototype.paused = false;","Osmosis.prototype.stopped = false;","Osmosis.prototype.inspect = function () {","    return 'Osmosis:' + this.id;","};","","// Allow use of commands without creating a new instance:","","Object.keys(Command.prototype).forEach(function (name) {","    if (Osmosis[name] !== undefined) {","        return;","    }","","    Osmosis[name] = function StartingFunction(arg1, arg2, arg3) {","        var instance = new Osmosis(),","            command  = instance.command;","","        instance.calledWithNew = (this instanceof StartingFunction);","","        return command[name](arg1, arg2, arg3);","    };","});","","// libxmljs overrides:","","libxml.Document.prototype.findXPath = libxml.Document.prototype.find;","libxml.Element.prototype.findXPath  = libxml.Element.prototype.find;","","libxml.Document.prototype.find = function (selector, cache) {","    return this.root().find(selector, cache);","};","","libxml.Element.prototype.find = function (selector) {","    if (selector.charAt(1) === '/' ||","        selector.cha
[...]
0},"fnMap":{"1":{"name":"Queue","line":12,"loc":{"start":{"line":12,"column":0},"end":{"line":12,"column":25}}},"2":{"name":"(anonymous_2)","line":24,"loc":{"start":{"line":24,"column":13},"end":{"line":24,"column":31}}},"3":{"name":"(anonymous_3)","line":27,"loc":{"start":{"line":27,"column":13},"end":{"line":27,"column":25}}},"4":{"name":"(anonymous_4)","line":34,"loc":{"start":{"line":34,"column":10},"end":{"line":34,"column":22}}},"5":{"name":"(anonymous_5)","line":45,"loc":{"start":{"line":45,"column":9},"end":{"line":45,"column":21}}},"6":{"name":"(anonymous_6)","line":49,"loc":{"start":{"line":49,"column":29},"end":{"line":49,"column":41}}}},"statementMap":{"1":{"start":{"line":12,"column":0},"end":{"line":16,"column":1}},"2":{"start":{"line":13,"column":4},"end":{"line":13,"column":29}},"3":{"start":{"line":14,"column":4},"end":{"line":14,"column":30}},"4":{"start":{"line":15,"column":4},"end":{"line":15,"column":20}},"5":{"start":{"line":18,"column":0},"end":{"line":67,"column":2}},"6":{"start":{"line":25,"column":8},"end":{"line":25,"column":43}},"7":{"start":{"line":28,"column":8},"end":{"line":28,"column":47}},"8":{"start":{"line":30,"column":8},"end":{"line":30,"column":39}},"9":{"start":{"line":32,"column":8},"end":{"line":32,"column":22}},"10":{"start":{"line":35,"column":8},"end":{"line":41,"column":9}},"11":{"start":{"line":36,"column":12},"end":{"line":38,"column":13}},"12":{"start":{"line":37,"column":16},"end":{"line":37,"column":42}},"13":{"start":{"line":40,"column":12},"end":{"line":40,"column":28}},"14":{"start":{"line":43,"column":8},"end":{"line":43,"column":28}},"15":{"start":{"line":46,"column":8},"end":{"line":46,"column":24}},"16":{"start":{"line":48,"column":8},"end":{"line":61,"column":9}},"17":{"start":{"line":49,"column":12},"end":{"line":60,"column":15}},"18":{"start":{"line":50,"column":16},"end":{"line":50,"column":29}},"19":{"start":{"line":52,"column":16},"end":{"line":59,"column":17}},"20":{"start":{"line":53,"column":20},"end":{"line":53,"column":45}},"21":{"start":{"line":54,"column":20},"end":{"line":54,"column":44}},"22":{"start":{"line":56,"column":20},"end":{"line":58,"column":21}},"23":{"start":{"line":57,"column":24},"end":{"line":57,"column":45}},"24":{"start":{"line":63,"column":8},"end":{"line":63,"column":22}},"25":{"start":{"line":65,"column":8},"end":{"line":65,"column":26}},"26":{"start":{"line":69,"column":0},"end":{"line":69,"column":23}}},"branchMap":{"1":{"line":35,"type":"if","locations":[{"start":{"line":35,"column":8},"end":{"line":35,"column":8}},{"start":{"line":35,"column":8},"end":{"line":35,"column":8}}]},"2":{"line":36,"type":"if","locations":[{"start":{"line":36,"column":12},"end":{"line":36,"column":12}},{"start":{"line":36,"column":12},"end":{"line":36,"column":12}}]},"3":{"line":48,"type":"if","locations":[{"start":{"line":48,"column":8},"end":{"line":48,"column":8}},{"start":{"line":48,"column":8},"end":{"line":48,"column":8}}]},"4":{"line":52,"type":"if","locations":[{"start":{"line":52,"column":16},"end":{"line":52,"column":16}},{"start":{"line":52,"column":16},"end":{"line":52,"column":16}}]},"5":{"line":56,"type":"if","locations":[{"start":{"line":56,"column":20},"end":{"line":56,"column":20}},{"start":{"line":56,"column":20},"end":{"line":56,"column":20}}]}},"code":["'use strict';","","/**"," * An Osmosis request queue."," *"," * @constructor Queue"," * @protected"," * @param {object} instance - parent instance"," * @returns Command"," */","","function Queue(instance) {","    this.instance = instance;","    this.opts = instance.opts;","    this.queue = [];","}","","Queue.prototype = {","    change:     0,","    count:      0,","    done:       0,","    requests:   0,","    length:     0,","    enqueue: function (object) {","        this.queue[this.length++] = object;","    },","    dequeue: function () {","        var object = this.queue[--this.length];","","        this.queue[this.length] = null;","","        return object;","    },","    push: function () {","        if (++this.change >= 25) {","            if (this.instance.resources !== null) {","                this.instance.resources();","            }","","            this.change = 0;","        }","","        return ++this.count;","    },","    pop: function () {","        var self = this;","","        if (--self.count === 0) {","            process.nextTick(function () {","                var instance;","","                if (self.count === 0) {","                    instance = self.instance;","                    instance.command.done();","","                    if (instance.opts.debug === true) {","                        instance.resources();","                    }","                }","            });","        }","","        this.change++;","","        return this.count;","    }","};","","module.exports = Queue;",""],"l":{"12":1,"13":0,"14":0,"15":0,"18":1,"25":0,"28":0,"30":0,"32":0,"35":0,"36":0,"37":0,"40":0,"43":0,"46":0,"48":0,"49":0,"50":0,"52":0,"53":0,"54":0,"56":0,"57":0,"63":0,"65":0,"69":1}},"/home/travis/build/npmtest/node-npmtest-osmosis/node_modules/osmosis/lib/Request.js":{"path":"/home/travis/build/npmtest/node-npmtest-osmosis/node_modules/osmosis/lib/Request.js","s":{"1":1,"2":1,"3":0,"4":0,"5":0,"6":0,"7":0,"8":0,"9":0,"10":0,"11":0,"12":0,"13":0,"14":0,"15":0,"16":0,"17":0,"18":0,"19":0,"20":0,"21":0,"22":0,"23":0,"24":0,"25":0,"26":0,"27":0,"28":0,"29":0,"30":0,"31":0,"32":0,"33":0,"34":0,"35":0,"36":0,"37":0,"38":0,"39":0,"40":0,"41":1,"42":0,"43":0,"44":0,"45":0,"46":0,"47":1,"48":0,"49":0,"50":0,"51":0,"52":0,"53":0,"54":0,"55":1,"56":0,"57":0,"58":0,"59":0,"60":0,"61":0,"62":0,"63":0,"64":0,"65":0,"66":0,"67":0,"68":1,"69":0,"70":0,"71":0,"72":0,"73":0,"74":1},"b":{"1":[0,0],"2":[0,0],"3":[0,0,0,0],"4":[0,0],"5":[0,0,0],"6":[0,0],"7":[0,0],"8":[0,0],"9":[0,0],"10":[0,0],"11":[0,0],"12":[0,0],"13":[0,0],"14":[0,0],"15":[0,0],"16":[0,0],"17":[0,0],"18":[0,0],"19":[0,0]},"f":{"1":0,"2":0,"3":0,"4":0,"5":0,"6":0,"7":0},"fnMap":{"1":{"name":"Request","line":13,"loc":{"start":{"line":13,"column":0},"end":{"line":13,"column":61}}},"2":{"name":"(anonymous_2)","line":20,"loc":{"start":{"line":20,"column":26},"end":{"line":20,"column":52}}},"3":{"name":"(anonymous_3)","line":86,"loc":{"start":{"line":86,"column":20},"end":{"line":86,"column":36}}},"4":{"name":"setResponseMeta","line":91,"loc":{"start":{"line":91,"column":0},"end":{"line":91,"column":46}}},"5":{"name":"getResponseType","line":111,"loc":{"start":{"line":111,"column":0},"end":{"line":111,"column":38}}},"6":{"name":"setCookies","line":128,"loc":{"start":{"line":128,"column":0},"end":{"line":128,"column":39}}},"7":{"name":"extend","line":152,"loc":{"start":{"line":152,"column":0},"end":{"line":152,"column":31}}}},"statementMap":{"1":{"start":{"line":3,"column":0},"end":{"line":5,"column":37}},"2":{"start":{"line":13,"column":0},"end":{"line":89,"column":1}},"3":{"start":{"line":14,"column":4},"end":{"line":14,"column":23}},"4":{"start":{"line":16,"column":4},"end":{"line":88,"column":7}},"5":{"start":{"line":21,"column":8},"end":{"line":21,"column":21}},"6":{"start":{"line":23,"column":8},"end":{"line":26,"column":9}},"7":{"start":{"line":24,"column":12},"end":{"line":24,"column":34}},"8":{"start":{"line":25,"column":12},"end":{"line":25,"column":19}},"9":{"start":{"line":28,"column":8},"end":{"line":35,"column":9}},"10":{"start":{"line":33,"column":12},"end":{"line":33,"column":63}},"11":{"start":{"line":34,"column":12},"end":{"line":34,"column":19}},"12":{"start":{"line":37,"column":8},"end":{"line":40,"column":9}},"13":{"start":{"line":38,"column":12},"end":{"line":38,"column":38}},"14":{"start":{"line":39,"column":12},"end":{"line":39,"column":19}},"15":{"start":{"line":42,"column":8},"end":{"line":46,"column":9}},"16":{"start":{"line":43,"column":12},"end":{"line":43,"column":51}},"17":{"start":{"line":45,"column":12},"end":{"line":45,"column":28}},"18":{"start":{"line":48,"column":8},"end":{"line":51,"column":9}},"19":{"start":{"line":49,"column":12},"end":{"line":50,"column":80}},"20":{"start":{"line":53,"column":8},"end":{"line":56,"column":9}},"21":{"start":{"line":54,"column":12},"end":{"line":54,"column":49}},"22":{"start":{"line":55,"column":12},"end":{"line":55,"column":19}},"23":{"start":{"line":58,"column":8},"end":{"line":62,"column":9}},"24":{"start":{"line":60,"column":12},"end":{"line":60,"column":42}},"25":{"start":{"line":61,"column":12},"end":{"line":61,"column":19}},"26":{"start":{"line":64,"column":8},"end":{"line":67,"column":9}},"27":{"start":{"line":65,"column":12},"end":{"line":65,"column":45}},"28":{"start":{"line":66,"column":12},"end":{"line":66,"column":19}},"29":{"start":{"line":69,"column":8},"end":{"line":69,"column":47}},"30":{"start":{"line":70,"column":8},"end":{"line":70,"column":41}},"31":{"start":{"line":71,"column":8},"end":{"line":71,"column":46}},"32":{"start":{"line":73,"column":8},"end":{"line":73,"column":37}},"33":{"start":{"line":74,"column":8},"end":{"line":74,"column":37}},"34":{"start":{"line":76,"column":8},"end":{"line":76,"column":52}},"35":{"start":{"line":77,"column":8},"end":{"line":77,"column":42}},"36":{"start":{"line":78,"column":8},"end":{"line":78,"column":43}},"37":{"start":{"line":80,"column":8},"end":{"line":82,"column":9}},"38":{"start":{"line":81,"column":12},"end":{"line":81,"column":42}},"39":{"start":{"line":84,"column":8},"end":{"line":84,"column":38}},"40":{"start":{"line":87,"column":8},"end":{"line":87,"column":70}},"41":{"start":{"line":91,"column":0},"end":{"line":109,"column":1}},"42":{"start":{"line":92,"column":4},"end":{"line":100,"column":10}},"43":{"start":{"line":103,"column":4},"end":{"line":106,"column":5}},"44":{"start":{"line":104,"column":8},"end":{"line":104,"column":53}},"45":{"start":{"line":105,"column":8},"end":{"line":105,"column":60}},"46":{"start":{"line":108,"column":4},"end":{"line":108,"column":33}},"47":{"start":{"line":111,"column":0},"end":{"line":125,"column":1}},"48":{"start":{"line":112,"column":4},"end":{"line":114,"column":5}},"49":{"start":{"line":113,"column":8},"end":{"line":113,"column":20}},"50":{"start":{"line":116,"column":4},"end":{"line":118,"column":5}},"51":{"start":{"line":117,"column":8},"end":{"line":117,"column":21}},"52":{"start":{"line":120,"column":4},"end":{"line":122,"column":5}},"53":{"start":{"line":121,"column":8},"end":{"line":121,"column":22}},"54":{"start":{"line":124,"column":4},"end":{"line":124,"column":23}},"55":{"start":{"line":128,"column":0},"end":{"line":150,"column":1}},"56":{"start":{"line":129,"column":4},"end":{"line":129,"column":26}},"57":{"start":{"line":131,"column":4},"end":{"line":133,"column":5}},"58":{"start":{"line":132,"column":8},"end":{"line":132,"column":15}},"59":{"start":{"line":135,"column":4},"end":{"line":135,"column":32}},"60":{"start":{"line":136,"column":4},"end":{"line":136,"column":25}},"61":{"start":{"line":138,"column":4},"end":{"line":140,"column":5}},"62":{"start":{"line":139,"column":8},"end":{"line":139,"column":15}},"63":{"start":{"line":142,"column":4},"end":{"line":144,"column":5}},"64":{"start":{"line":143,"column":8},"end":{"line":143,"column":30}},"65":{"start":{"line":146,"column":4},"end":{"line":149,"column":5}},"66":{"start":{"line":147,"column":8},"end":{"line":147,"column":27}},"67":{"start":{"line":148,"column":8},"end":{"line":148,"column":45}},"68":{"start":{"line":152,"column":0},"end":{"line":161,"column":1}},"69":{"start":{"line":153,"column":4},"end":{"line":153,"column":56}},"70":{"start":{"line":155,"column":4},"end":{"line":158,"column":5}},"71":{"start":{"line":156,"column":8},"end":{"line":156,"column":22}},"72":{"start":{"line":157,"column":8},"end":{"line":157,"column":33}},"73":{"start":{"line":160,"column":4},"end":{"line":160,"column":18}},"74":{"start":{"line":163,"column":0},"end":{"line":163,"column":25}}},"branchMap":{"1":{"line":23,"type":"if","locations":[{"start":{"line":23,"column":8},"end":{"line":23,"column":8}},{"start":{"line":23,"column":8},"end":{"line":23,"column":8}}]},"2":{"line":28,"type":"if","locations":[{"start":{"line":28,"column":8},"end":{"line":28,"column":8}},{"start":{"line":28,"column":8},"end":{"line":28,"column":8}}]},"3":{"line":28,"type":"binary-expr","locations":[{"start":{"line":28,"column":12},"end":{"line":28,"column":44}},{"start":{"line":29,"column":12},"end":{"line":29,"column":49}},{"start":{"line":30,"column":12},"end":{"line":30,"column":43}},{"start":{"line":31,"column":12},"end":{"line":31,"column":43}}]},"4":{"line":37,"type":"if","locations":[{"start":{"line":37,"column":8},"end":{"line":37,"column":8}},{"start":{"line":37,"column":8},"end":{"line":37,"column":8}}]},"5":{"line":37,"type":"binary-expr","locations":[{"start":{"line":37,"column":12},"end":{"line":37,"column":29}},{"start":{"line":37,"column":34},"end":{"line":37,"column":39}},{"start":{"line":37,"column":43},"end":{"line":37,"column":60}}]},"6":{"line":42,"type":"if","locations":[{"start":{"line":42,"column":8},"end":{"line":42,"column":8}},{"start":{"line":42,"column":8},"end":{"line":42,"column":8}}]},"7":{"line":48,"type":"if","locations":[{"start":{"line":48,"column":8},"end":{"line":48,"column":8}},{"start":{"line":48,"column":8},"end":{"line":48,"column":8}}]},"8":{"line":53,"type":"if","locations":[{"start":{"line":53,"column":8},"end":{"line":53,"column":8}},{"start":{"line":53,"column":8},"end":{"line":53,"column":8}}]},"9":{"line":58,"type":"if","locations":[{"start":{"line":58,"column":8},"end":{"line":58,"column":8}},{"start":{"line":58,"column":8},"end":{"line":58,"column":8}}]},"10":{"line":58,"type":"binary-expr","locations":[{"start":{"line":58,"column":12},"end":{"line":58,"column":44}},{"start":{"line":59,"column":12},"end":{"line":59,"column":41}}]},"11":{"line":64,"type":"if","locations":[{"start":{"line":64,"column":8},"end":{"line":64,"column":8}},{"start":{"line":64,"column":8},"end":{"line":64,"column":8}}]},"12":{"line":80,"type":"if","locations":[{"start":{"line":80,"column":8},"end":{"line":80,"column":8}},{"start":{"line":80,"column":8},"end":{"line":80,"column":8}}]},"13":{"line":103,"type":"if","locations":[{"start":{"line":103,"column":4},"end":{"line":103,"column":4}},{"start":{"line":103,"column":4},"end":{"line":103,"column":4}}]},"14":{"line":112,"type":"if","locations":[{"start":{"line":112,"column":4},"end":{"line":112,"column":4}},{"start":{"line":112,"column":4},"end":{"line":112,"column":4}}]},"15":{"line":116,"type":"if","locations":[{"start":{"line":116,"column":4},"end":{"line":116,"column":4}},{"start":{"line":116,"column":4},"end":{"line":116,"column":4}}]},"16":{"line":120,"type":"if","locations":[{"start":{"line":120,"column":4},"end":{"line":120,"column":4}},{"start":{"line":120,"column":4},"end":{"line":120,"column":4}}]},"17":{"line":131,"type":"if","locations":[{"start":{"line":131,"column":4},"end":{"line":131,"column":4}},{"start":{"line":131,"column":4},"end":{"line":131,"column":4}}]},"18":{"line":138,"type":"if","locations":[{"start":{"line":138,"column":4},"end":{"line":138,"column":4}},{"start":{"line":138,"column":4},"end":{"line":138,"column":4}}]},"19":{"line":142,"type":"if","locations":[{"start":{"line":142,"column":4},"end":{"line":142,"column":4}},{"start":{"line":142,"column":4},"end":{"line":142,"column":4}}]}},"code":["'use strict';","","var needle = require('needle'),","    URL    = require('url'),","    libxml = require('libxmljs-dom');","","/**"," * Make an HTTP request."," *"," * @private"," */","","function Request(method, url, params, opts, tries, callback) {","    var location = url;","","    return needle.request(method,","                          url.href,","                          params,","                          opts,","                          function (err, res, data) {","        var document;","","        if (err !== null) {","            callback(err.message);","            return;","        }","","        if (opts.ignore_http_errors !== true &&","            res                     !== undefined &&","            res.statusCode          >=  400   &&","            res.statusCode          <=  500) {","            // HTTP error","            callback(res.statusCode + ' ' + res.statusMessage);","            return;","        }","","        if (method !== 'head' && (!data || data.length === 0)) {","            callback('Data is empty');","            return;","        }","","        if (opts.process_response !== undefined) {","            document = opts.process_response(data);","        } else {","            document = data;","        }","","        if (opts.parse !== false) {","            document = libxml.parseHtml(document,","                                        { baseUrl: location.href, huge: true });","        }","","        if (document === null) {","            callback('Couldn\\'t parse response');","            return;","        }","","        if (document.errors[0] !== undefined &&","            document.errors[0].code === 4) {","            callback('Document is empty');","            return;","        }","","        if (document.root() === null) {","            callback('Document has no root');","            return;","        }","","        location.headers    = res.req._headers;","        location.proxy      = opts.proxy;","        location.user_agent = opts.user_agent;","","        document.location = location;","        document.request  = location;","","        setResponseMeta(document, res, data.length);","        setCookies(document, res.cookies);","        setCookies(document, opts.cookies);","","        if (opts.keep_data === true) {","            document.response.data = data;","        }","","        callback(null, res, document);","    })","    .on('redirect', function (href) {","        extend(location, URL.parse(URL.resolve(location.href, href)));","    });","}","","function setResponseMeta(document, res, size) {","    var response = {","            type: getResponseType(res.headers['content-type']),","            statusCode: res.statusCode,","            statusMessage: res.statusMessage,","            headers: res.headers,","            size: {","                body: size","            }","        };","","","    if (res.socket !== undefined) {","        response.size.total   = res.socket.bytesRead;","        response.size.headers = res.socket.bytesRead - size;","    }","","    document.response = response;","}","","function getResponseType(contentType) {","    if (contentType === undefined) {","        return null;","    }","","    if (contentType.indexOf('xml') !== -1) {","        return 'xml';","    }","","    if (contentType.indexOf('html') !== -1) {","        return 'html';","    }","","    return contentType;","}","","","function setCookies(document, cookies) {","    var key, keys, length;","","    if (cookies === undefined) {","        return;","    }","","    keys = Object.keys(cookies);","    length = keys.length;","","    if (length === 0) {","        return;","    }","","    if (document.cookies === undefined) {","        document.cookies = {};","    }","","    while (length--) {","        key = keys[length];","        document.cookies[key] = cookies[key];","    }","}","","function extend(object, donor) {","    var key, keys = Object.keys(donor), i = keys.length;","","    while (i--) {","        key = keys[i];","        object[key] = donor[key];","    }","","    return object;","}","","module.exports = Request;",""],"l":{"3":1,"13":1,"14":0,"16":0,"21":0,"23":0,"24":0,"25":0,"28":0,"33":0,"34":0,"37":0,"38":0,"39":0,"42":0,"43":0,"45":0,"48":0,"49":0,"53":0,"54":0,"55":0,"58":0,"60":0,"61":0,"64":0,"65":0,"66":0,"69":0,"70":0,"71":0,"73":0,"74":0,"76":0,"77":0,"78":0,"80":0,"81":0,"84":0,"87":0,"91":1,"92":0,"103":0,"104":0,"105":0,"108":0,"111":1,"112":0,"113":0,"116":0,"117":0,"120":0,"121":0,"124":0,"128":1,"129":0,"131":0,"132":0,"135":0,"136":0,"138":0,"139":0,"142":0,"143":0,"146":0,"147":0,"148":0,"152":1,"153":0,"155":0,"156":0,"157":0,"160":0,"163":1}}}